[08:39:16] [ServerMain/INFO]: [bootstrap] Running Java 25 (OpenJDK 64-Bit Server VM 25.0.2+10-LTS; Microsoft Microsoft-13053558) on Linux 6.8.0-1052-azure (amd64)
[08:39:16] [ServerMain/INFO]: [bootstrap] Loading Paper 1.21.5-113-main@ba7fb23 (2025-06-10T23:34:22Z) for Minecraft 1.21.5
[08:39:16] [ServerMain/INFO]: [PluginInitializerManager] Initializing plugins...
[08:39:21] [ServerMain/INFO]: [PluginInitializerManager] Initialized 15 plugins
[08:39:21] [ServerMain/INFO]: [PluginInitializerManager] Paper plugins (1):
 - PlugManX (3.0.4-dev1)
[08:39:21] [ServerMain/INFO]: [PluginInitializerManager] Bukkit plugins (14):
 - Essentials (2.22.0), EssentialsChat (2.22.0), FastAsyncWorldEdit (2.15.2+e9ed0d1), LuckPerms (5.5.57), Multiverse-Core (5.7.1), Multiverse-Inventories (5.3.4), Multiverse-NetherPortals (5.0.5), Multiverse-Portals (5.2.3), Skript (2.15.3), TuffXPlus (1.0.0), Vault (1.7.3-b131), ViaBackwards (5.3.2), ViaRewind (4.0.7), ViaVersion (5.3.2)
[08:39:29] [ServerMain/INFO]: Environment: Environment[sessionHost=https://sessionserver.mojang.com, servicesHost=https://api.minecraftservices.com, name=PROD]
[08:39:33] [ServerMain/INFO]: Loaded 1373 recipes
[08:39:33] [ServerMain/INFO]: Loaded 1484 advancements
[08:39:33] [Server thread/INFO]: Starting minecraft server version 1.21.5
[08:39:33] [Server thread/INFO]: Loading properties
[08:39:33] [Server thread/INFO]: This server is running Paper version 1.21.5-113-main@ba7fb23 (2025-06-10T23:34:22Z) (Implementing API version 1.21.5-R0.1-SNAPSHOT)
[08:39:33] [Server thread/INFO]: [spark] This server bundles the spark profiler. For more information please visit https://docs.papermc.io/paper/profiling
[08:39:33] [Server thread/INFO]: Using 4 threads for Netty based IO
[08:39:33] [Server thread/INFO]: Server Ping Player Sample Count: 12
[08:39:34] [Server thread/INFO]: [MoonriseCommon] Paper is using 1 worker threads, 1 I/O threads
[08:39:34] [Server thread/INFO]: [ChunkTaskScheduler] Chunk system is using population gen parallelism: true
[08:39:35] [Server thread/INFO]: Default game type: SURVIVAL
[08:39:35] [Server thread/INFO]: Generating keypair
[08:39:35] [Server thread/INFO]: Starting Minecraft server on *:25565
[08:39:35] [Server thread/INFO]: Using epoll channel type
[08:39:35] [Server thread/INFO]: Paper: Using libdeflate (Linux x86_64) compression from Velocity.
[08:39:35] [Server thread/INFO]: Paper: Using OpenSSL 3.x.x (Linux x86_64) cipher from Velocity.
[08:39:36] [Server thread/INFO]: [ViaVersion] Loading server plugin ViaVersion v5.3.2
[08:39:36] [Server thread/INFO]: [ViaVersion] ViaVersion 5.3.2 is now loaded. Registering protocol transformers and injecting...
[08:39:37] [Via-Mappingloader-0/INFO]: [ViaVersion] Loading block connection mappings ...
[08:39:37] [Via-Mappingloader-0/INFO]: [ViaVersion] Using FastUtil Long2ObjectOpenHashMap for block connections
[08:39:38] [Server thread/INFO]: [ViaBackwards] Loading translations...
[08:39:38] [Server thread/INFO]: [ViaBackwards] Registering protocols...
[08:39:40] [Server thread/INFO]: [ViaRewind] Registering protocols...
[08:39:40] [Server thread/INFO]: [LuckPerms] Loading server plugin LuckPerms v5.5.57
[08:39:41] [Server thread/INFO]: [LuckPerms] Loading configuration...
[08:39:41] [Server thread/INFO]: [Vault] Loading server plugin Vault v1.7.3-b131
[08:39:41] [Server thread/INFO]: [CoreLogging] Loading server plugin Multiverse-Core v5.7.1
[08:39:41] [Server thread/INFO]: [FastAsyncWorldEdit] Loading server plugin FastAsyncWorldEdit v2.15.2+e9ed0d1
[08:39:43] [Server thread/INFO]: Got request to register class com.sk89q.worldedit.bukkit.BukkitServerInterface with WorldEdit [com.sk89q.worldedit.extension.platform.PlatformManager@307878e1]
[08:39:43] [Server thread/INFO]: [Multiverse-Portals] Loading server plugin Multiverse-Portals v5.2.3
[08:39:43] [Server thread/INFO]: [Essentials] Loading server plugin Essentials v2.22.0
[08:39:43] [Server thread/INFO]: [ViaBackwards] Loading server plugin ViaBackwards v5.3.2
[08:39:43] [Server thread/INFO]: [MVPLogging] Loading server plugin Multiverse-NetherPortals v5.0.5
[08:39:43] [Server thread/INFO]: [Skript] Loading server plugin Skript v2.15.3
[08:39:43] [Server thread/INFO]: [EssentialsChat] Loading server plugin EssentialsChat v2.22.0
[08:39:43] [Server thread/INFO]: [InvLogging] Loading server plugin Multiverse-Inventories v5.3.4
[08:39:43] [Server thread/INFO]: [TuffXPlus] Loading server plugin TuffXPlus v1.0.0
[08:39:45] [Server thread/INFO]: [PlugManX] Loading server plugin PlugManX v3.0.4-dev1
[08:39:45] [Server thread/INFO]: [ViaRewind] Loading server plugin ViaRewind v4.0.7
[08:39:45] [Server thread/INFO]: Server permissions file permissions.yml is empty, ignoring it
[08:39:45] [Server thread/INFO]: [LuckPerms] Enabling LuckPerms v5.5.57
[08:39:45] [Server thread/INFO]:         __    
[08:39:45] [Server thread/INFO]:   |    |__)   LuckPerms v5.5.57
[08:39:45] [Server thread/INFO]:   |___ |      Running on Bukkit - Paper
[08:39:45] [Server thread/INFO]: 
[08:39:46] [Server thread/INFO]: [LuckPerms] Loading storage provider... [H2]
[08:39:47] [Server thread/INFO]: [LuckPerms] Loading internal permission managers...
[08:39:47] [Server thread/INFO]: [LuckPerms] Performing initial data load...
[08:39:47] [Server thread/INFO]: [LuckPerms] Successfully enabled. (took 2632ms)
[08:39:47] [Server thread/INFO]: [Vault] Enabling Vault v1.7.3-b131
[08:39:47] [Server thread/INFO]: [Vault] [Economy] Essentials Economy found: Waiting
[08:39:47] [Server thread/INFO]: [Vault] [Permission] SuperPermissions loaded as backup permission system.
[08:39:48] [Server thread/INFO]: [Vault] Enabled Version 1.7.3-b131
[08:39:48] [Server thread/INFO]: [LuckPerms] Registered Vault permission & chat hook.
[08:39:48] [Server thread/INFO]: [FastAsyncWorldEdit] Enabling FastAsyncWorldEdit v2.15.2+e9ed0d1
[08:39:48] [Server thread/INFO]: [com.fastasyncworldedit.core.Fawe] LZ4 Compression Binding loaded successfully
[08:39:48] [Server thread/INFO]: [com.fastasyncworldedit.core.Fawe] ZSTD Compression Binding loaded successfully
[08:39:48] [Server thread/INFO]: Registering commands with com.sk89q.worldedit.bukkit.BukkitServerInterface
[08:39:48] [Server thread/INFO]: WEPIF: Vault detected! Using Vault for permissions
[08:39:49] [Server thread/INFO]: Using com.sk89q.worldedit.bukkit.adapter.impl.fawe.v1_21_5.PaperweightFaweAdapter as the Bukkit adapter
[08:39:51] [Server thread/INFO]: [PlugManX] Enabling PlugManX v3.0.4-dev1
[08:39:51] [Server thread/WARN]: [PlugManX] You are running a development version (3.0.4-dev1) of PlugMan. This is not recommended for production use.
[08:39:51] [Server thread/WARN]: [PlugManX] ~~~~~~~~~~~~~~~~~~~~~~~~~~~~~~~~~~~~~~~~~~~~~~~~~~~~~~~~~~~~~~~~~~~~~~
[08:39:51] [Server thread/WARN]: [PlugManX] It seems like you're running on paper.
[08:39:51] [Server thread/WARN]: [PlugManX] PlugManX cannot interact with paper-plugins, yet.
[08:39:51] [Server thread/WARN]: [PlugManX] Also, if you encounter any issues, please join my discord: https://discord.gg/GxEFhVY6ff
[08:39:51] [Server thread/WARN]: [PlugManX] Or create an issue on GitHub: https://github.com/Test-Account666/PlugMan
[08:39:51] [Server thread/WARN]: [PlugManX] ~~~~~~~~~~~~~~~~~~~~~~~~~~~~~~~~~~~~~~~~~~~~~~~~~~~~~~~~~~~~~~~~~~~~~~
[08:39:51] [Server thread/INFO]: [PlugManX] You can disable this warning by setting 'showPaperWarning' to false in the config.yml
[08:39:51] [Server thread/INFO]: [ViaRewind] Enabling ViaRewind v4.0.7
[08:39:51] [Server thread/WARN]: **** SERVER IS RUNNING IN OFFLINE/INSECURE MODE!
[08:39:51] [Server thread/WARN]: The server will make no attempt to authenticate usernames. Beware.
[08:39:51] [Server thread/WARN]: While this makes the game possible to play without internet access, it also opens up the ability for hackers to connect with any username they choose.
[08:39:51] [Server thread/WARN]: To change this, set "online-mode" to "true" in the server.properties file.
[08:39:51] [Server thread/INFO]: Preparing level "world"
[08:39:52] [Server thread/INFO]: Preparing start region for dimension minecraft:overworld
[08:39:53] [Server thread/INFO]: Preparing spawn area: 0%
[08:39:53] [Server thread/INFO]: Preparing spawn area: 0%
[08:39:53] [Server thread/INFO]: Preparing spawn area: 2%
[08:39:55] [Server thread/INFO]: Preparing spawn area: 24%
[08:39:55] [Server thread/INFO]: Preparing spawn area: 24%
[08:39:55] [Server thread/INFO]: Preparing spawn area: 24%
[08:39:55] [Server thread/INFO]: Time elapsed: 3017 ms
[08:39:55] [Server thread/INFO]: Preparing start region for dimension minecraft:the_nether
[08:39:55] [Server thread/INFO]: Preparing spawn area: 0%
[08:39:56] [Server thread/INFO]: Time elapsed: 420 ms
[08:39:56] [Server thread/INFO]: Preparing start region for dimension minecraft:the_end
[08:39:56] [Server thread/INFO]: Preparing spawn area: 0%
[08:39:56] [Server thread/INFO]: Time elapsed: 457 ms
[08:39:56] [Server thread/INFO]: [ViaVersion] Enabling ViaVersion v5.3.2
[08:39:56] [Server thread/INFO]: [ViaVersion] ViaVersion detected server version: 1.21.5 (770)
[08:39:56] [Server thread/INFO]: [Multiverse-Core] Enabling Multiverse-Core v5.7.1
[08:39:59] [Server thread/INFO]: [Multiverse-Core] API service loaded!
[08:39:59] [Server thread/INFO]: [Multiverse-Core] Version 5.7.1 (API v5.7) Enabled - By dumptruckman, Rigby, fernferret, lithium3141, main--, benwoo1110 and Zax71
[08:39:59] [Server thread/INFO]: [Multiverse-Core] Loving Multiverse-Core? Please consider supporting the project with a small donation: https://github.com/sponsors/Multiverse
[08:39:59] [Server thread/INFO]: [Multiverse-Portals] Enabling Multiverse-Portals v5.2.3
[08:39:59] [Server thread/INFO]: [Multiverse-Portals] 0 - Portals(s) loaded
[08:40:00] [Server thread/INFO]: [Multiverse-Portals] Found FastAsyncWorldEdit. Using it for selections.
[08:40:00] [Server thread/INFO]: [Multiverse-Portals] Version 5.2.3 (API v5.2) Enabled - By Rigby, fernferret and benwoo1110
[08:40:00] [Server thread/INFO]: [Essentials] Enabling Essentials v2.22.0
[08:40:01] [Server thread/ERROR]: [Essentials] You are running an unsupported server version!
[08:40:01] [Server thread/INFO]: [Essentials] Attempting to convert old kits in config.yml to new kits.yml
[08:40:01] [Server thread/INFO]: [Essentials] No kits found to migrate.
[08:40:02] [Server thread/INFO]: [Essentials] Selected Legacy Biome Name Provider as the provider for BiomeNameProvider
[08:40:02] [Server thread/INFO]: [Essentials] Selected 1.21+ InventoryView Interface ABI Provider as the provider for InventoryViewProvider
[08:40:02] [Server thread/INFO]: [Essentials] Selected 1.20.6+ Potion Meta Provider as the provider for PotionMetaProvider
[08:40:02] [Server thread/INFO]: [Essentials] Selected 1.12+ Spawner Block Provider as the provider for SpawnerBlockProvider
[08:40:02] [Server thread/INFO]: [Essentials] Selected Paper Tick Count Provider as the provider for TickCountProvider
[08:40:02] [Server thread/INFO]: [Essentials] Selected 1.21.4+ Sync Commands Provider as the provider for SyncCommandsProvider
[08:40:02] [Server thread/INFO]: [Essentials] Selected 1.11+ Item Unbreakable Provider as the provider for ItemUnbreakableProvider
[08:40:02] [Server thread/INFO]: [Essentials] Selected Reflection Formatted Command Alias Provider as the provider for FormattedCommandAliasProvider
[08:40:02] [Server thread/INFO]: [Essentials] Selected Paper Serialization Provider as the provider for SerializationProvider
[08:40:02] [Server thread/INFO]: [Essentials] Selected Paper 1.13+ Tile Entity Provider as the provider for TileEntityProvider
[08:40:02] [Server thread/INFO]: [Essentials] Selected Paper Known Commands Provider as the provider for KnownCommandsProvider
[08:40:02] [Server thread/INFO]: [Essentials] Selected 1.8.3+ Spawner Item Provider as the provider for SpawnerItemProvider
[08:40:02] [Server thread/INFO]: [Essentials] Selected Paper Server State Provider as the provider for ServerStateProvider
[08:40:02] [Server thread/INFO]: [Essentials] Selected 1.20.5+ Banner Data Provider as the provider for BannerDataProvider
[08:40:02] [Server thread/INFO]: [Essentials] Selected 1.13+ Spawn Egg Provider as the provider for SpawnEggProvider
[08:40:02] [Server thread/INFO]: [Essentials] Selected 1.14+ Sign Data Provider as the provider for SignDataProvider
[08:40:02] [Server thread/INFO]: [Essentials] Selected 1.14.4+ Persistent Data Container Provider as the provider for PersistentDataProvider
[08:40:02] [Server thread/INFO]: [Essentials] Selected Paper Material Tag Provider as the provider for MaterialTagProvider
[08:40:02] [Server thread/INFO]: [Essentials] Selected 1.12.2+ Player Locale Provider as the provider for PlayerLocaleProvider
[08:40:02] [Server thread/INFO]: [Essentials] Selected Paper Container Provider as the provider for ContainerProvider
[08:40:02] [Server thread/INFO]: [Essentials] Selected Paper Biome Key Provider as the provider for BiomeKeyProvider
[08:40:02] [Server thread/INFO]: [Essentials] Selected 1.20.4+ Damage Event Provider as the provider for DamageEventProvider
[08:40:02] [Server thread/INFO]: [Essentials] Selected Reflection Online Mode Provider as the provider for OnlineModeProvider
[08:40:02] [Server thread/INFO]: [Essentials] Selected 1.17.1+ World Info Provider as the provider for WorldInfoProvider
[08:40:02] [Server thread/INFO]: [Essentials] Loaded 46312 items from items.json.
[08:40:02] [Server thread/INFO]: [Essentials] Using locale en
[08:40:03] [Server thread/INFO]: [Essentials] ServerListPingEvent: Spigot iterator API
[08:40:03] [Server thread/INFO]: [Essentials] Starting Metrics. Opt-out using the global bStats config.
[08:40:03] [Server thread/INFO]: [Vault] [Economy] Essentials Economy hooked.
[08:40:03] [Server thread/INFO]: [Essentials] Using Vault based permissions (LuckPerms)
[08:40:03] [Server thread/INFO]: [ViaBackwards] Enabling ViaBackwards v5.3.2
[08:40:03] [Server thread/INFO]: [Multiverse-NetherPortals] Enabling Multiverse-NetherPortals v5.0.5
[08:40:03] [Server thread/INFO]: [Multiverse-NetherPortals] Version 5.0.5 (API v5.0) Enabled - By Rigby, fernferret and benwoo1110
[08:40:03] [Server thread/INFO]: [Skript] Enabling Skript v2.15.3
[08:40:05] [ForkJoinPool.commonPool-worker-1/INFO]: [Skript] You're currently running the latest stable version of Skript.
[08:40:09] [Server thread/INFO]: [Skript]  ~ created by & © Peter Güttinger aka Njol ~
[08:40:09] [Server thread/INFO]: [EssentialsChat] Enabling EssentialsChat v2.22.0
[08:40:09] [Server thread/INFO]: [EssentialsChat] Starting Metrics. Opt-out using the global bStats config.
[08:40:09] [Server thread/INFO]: [Multiverse-Inventories] Enabling Multiverse-Inventories v5.3.4
[08:40:11] [Server thread/INFO]: [Multiverse-Inventories] Loading player names map...
[08:40:11] [Server thread/INFO]: [Multiverse-Inventories] Version 5.3.4 (API v5.3) Enabled - By dumptruckman and benwoo1110
[08:40:11] [Server thread/INFO]: [TuffXPlus] Enabling TuffXPlus v1.0.0
[08:40:11] [Server thread/INFO]: [TuffXPlus] [Y0] Server Minecraft Version: 1.21.5
[08:40:11] [Server thread/INFO]: [TuffXPlus] [TuffActions] TuffActions has been enabled
[08:40:11] [Server thread/INFO]: [TuffXPlus] [TuffActions] Enabling features...
[08:40:11] [Server thread/INFO]: [TuffXPlus] [TuffActions] Swimming enabled.
[08:40:11] [Server thread/INFO]: [TuffXPlus] [TuffActions] Creative items enabled.
[08:40:13] [Server thread/INFO]: [TuffXPlus] [TuffActions] Successfully loaded 1326 creative tab mappings.
[08:40:13] [Server thread/INFO]: [TuffXPlus] [TuffActions] Finished enabling features.
[08:40:13] [Server thread/INFO]: [TuffXPlus] [ViaBlocks] Generating ViaBlocks Pre-Defined Palette...
[08:40:13] [Server thread/INFO]: [TuffXPlus] [ViaBlocks] Palette initialized with 613 entries.
[08:40:13] [Server thread/INFO]: [TuffXPlus] [ViaBlocks] Paper detected. Enabling optimized asynchronous scheduling.
[08:40:13] [Server thread/INFO]: [TuffXPlus] [ViaBlocks] ViaBlocks has been enabled successfully and is listening for client handshakes.
[08:40:13] [Server thread/INFO]: [TuffXPlus] [ViaEntities] ViaEntities enabled with 43 modern entities
[08:40:13] [Server thread/INFO]: [TuffXPlus] 
[08:40:13] [Server thread/INFO]: [TuffXPlus] ████████╗██╗   ██╗███████╗ ███████╗ ██╗  ██╗
[08:40:13] [Server thread/INFO]: [TuffXPlus] ╚══██╔══╝██║   ██║██╔════╝ ██╔════╝ ╚██╗██╔╝
[08:40:13] [Server thread/INFO]: [TuffXPlus]    ██║   ██║   ██║██████╗  ██████╗   ╚███╔╝ 
[08:40:13] [Server thread/INFO]: [TuffXPlus]    ██║   ██║   ██║██╔═══╝  ██╔═══╝   ██╔██╗ 
[08:40:13] [Server thread/INFO]: [TuffXPlus]    ██║   ╚██████╔╝██║      ██║      ██╔╝╚██╗
[08:40:13] [Server thread/INFO]: [TuffXPlus]    ╚═╝    ╚═════╝ ╚═╝      ╚═╝      ╚═╝  ╚═╝
[08:40:13] [Server thread/INFO]: [TuffXPlus] 
[08:40:13] [Server thread/INFO]: [TuffXPlus] CREDITS
[08:40:13] [Server thread/INFO]: [TuffXPlus] 
[08:40:13] [Server thread/INFO]: [TuffXPlus] Y0 support:
[08:40:13] [Server thread/INFO]: [TuffXPlus] • Below y0 (client + plugin) programmed by Potato (@justatypicalpotato)
[08:40:13] [Server thread/INFO]: [TuffXPlus] • llucasandersen - plugin optimizations
[08:40:13] [Server thread/INFO]: [TuffXPlus] 
[08:40:13] [Server thread/INFO]: [TuffXPlus] ViaBlocks:
[08:40:13] [Server thread/INFO]: [TuffXPlus] • ViaBlocks partial plugin and client rewrite by Potato
[08:40:13] [Server thread/INFO]: [TuffXPlus] • llucasandersen (Complex client models and texture fixes,
[08:40:13] [Server thread/INFO]: [TuffXPlus]       optimizations, PacketEvents migration and async safety fixes)
[08:40:13] [Server thread/INFO]: [TuffXPlus] • coleis1op, if ts is driving me crazy, im taking credit
[08:40:13] [Server thread/INFO]: [TuffXPlus] 
[08:40:13] [Server thread/INFO]: [TuffXPlus] Other:
[08:40:13] [Server thread/INFO]: [TuffXPlus] • Swimming and creative items programmed by Potato (@justatypicalpotato)
[08:40:13] [Server thread/INFO]: [TuffXPlus] • shaded build, 1.14+ support (before merge) - llucasandersen
[08:40:13] [Server thread/INFO]: [TuffXPlus] • Restrictions - UplandJacob
[08:40:13] [Server thread/INFO]: [TuffXPlus] • Overall plugin merges by Potato
[08:40:14] [ForkJoinPool.commonPool-worker-1/INFO]: [Skript] Loaded 5464 aliases in 5702ms
[08:40:15] [Server thread/INFO]: [spark] Starting background profiler...
[08:40:15] [Server thread/INFO]: Done preparing level "world" (24.152s)
[08:40:15] [Server thread/INFO]: Running delayed init tasks
[08:40:15] [Craft Scheduler Thread - 6 - ViaVersion/INFO]: [ViaVersion] Finished mapping loading, shutting down loader executor.
[08:40:15] [Craft Scheduler Thread - 7 - Essentials/INFO]: [Essentials] Fetching version information...
[08:40:15] [Server thread/INFO]: [Essentials] Essentials found a compatible payment resolution method: Vault Compatibility Layer (v1.7.3-b131)!
[08:40:16] [Server thread/INFO]: [Skript] Loading variables...
[08:40:16] [Server thread/INFO]: [Skript] Loaded 74 variables in 0.1 seconds
[08:40:19] [Server thread/INFO]: [Skript] All scripts loaded without errors.
[08:40:19] [Server thread/INFO]: [Skript] Loaded 2 scripts with a total of 10 structures in 2.68 seconds
[08:40:19] [Server thread/INFO]: [Skript] Finished loading.
[08:40:19] [Server thread/INFO]: [TuffXPlus] [Y0] Loading mappings from 1.21.5-mappings.json
[08:40:20] [Server thread/INFO]: [TuffXPlus] [Y0] Loaded 27914 legacy mappings.
[08:40:20] [Server thread/WARN]: [ViaVersion] There is a newer plugin version available: 5.10.0, you're on: 5.3.2
[08:40:20] [Server thread/INFO]: Done (65.511s)! For help, type "help"
[08:40:20] [Server thread/WARN]: Can't keep up! Is the server overloaded? Running 4284ms or 85 ticks behind
[08:40:20] [Craft Scheduler Thread - 4 - Vault/INFO]: [Vault] Checking for Updates ... 
[08:40:20] [Craft Scheduler Thread - 4 - Vault/INFO]: [Vault] No new version available
[08:40:44] [User Authenticator #0/INFO]: UUID of player EntityZ096x is 2ee83cb0-186f-329d-bb3e-2dd2a293057c
[08:40:46] [Netty Epoll Server IO #1/WARN]: [ViaVersion] (1.17->1.16.4) Increased world height is NOT SUPPORTED for 1.16 players and below. They will see a void below y 0 and above 256. You can enable the `bedrock-at-y-0` config option to replace the air with a bedrock layer.
[08:40:47] [Netty Epoll Server IO #1/WARN]: [ViaVersion] (1.13->1.12.2) Ignoring plugin channel in serverbound REGISTER: EAG|Voice-1.8
[08:40:47] [Netty Epoll Server IO #1/WARN]: [ViaVersion] (1.13->1.12.2) Ignoring plugin channel in serverbound REGISTER: EAG|1.8-Ready
[08:40:47] [Netty Epoll Server IO #1/WARN]: [ViaVersion] (1.13->1.12.2) Ignoring plugin channel in serverbound REGISTER: EAG|1.8-Voice-RPC
[08:40:47] [Netty Epoll Server IO #1/WARN]: [ViaVersion] (1.13->1.12.2) Ignoring plugin channel in serverbound REGISTER: EAG|1.8-RPC
[08:40:47] [Netty Epoll Server IO #1/WARN]: [ViaVersion] (1.13->1.12.2) Ignoring plugin channel in serverbound REGISTER: EAG|1.8
[08:40:47] [Netty Epoll Server IO #1/WARN]: [ViaVersion] (1.13->1.12.2) Ignoring plugin channel in serverbound REGISTER: EAG|Skins-1.8
[08:40:47] [Netty Epoll Server IO #1/WARN]: [ViaVersion] (1.13->1.12.2) Ignoring plugin channel in serverbound REGISTER: EAG|UpdateCert-1.8
[08:40:47] [Netty Epoll Server IO #1/WARN]: [ViaVersion] (1.13->1.12.2) Ignoring plugin channel in serverbound REGISTER: EAG|FNAWSEn-1.8
[08:40:47] [Netty Epoll Server IO #1/WARN]: [ViaVersion] (1.13->1.12.2) Ignoring plugin channel in serverbound REGISTER: EAG|Capes-1.8
[08:40:47] [Server thread/INFO]: EntityZ096x joined the game
[08:40:47] [Server thread/INFO]: EntityZ096x[/127.0.0.1:36260] logged in with entity id 12 at ([world]2813.300000011921, 75.0, 2945.4056331128527)
[08:40:47] [User Authenticator #0/INFO]: UUID of player The_soulstealer4 is f161703d-2681-3b48-bfd1-1d80e057c727
[08:40:47] [Server thread/WARN]: [Essentials] Permissions lag notice with (LuckPermsHandler). Response took 47.628050ms. Summary: Getting prefix for EntityZ096x
[08:40:48] [Server thread/INFO]: The_soulstealer4 joined the game
[08:40:48] [Server thread/INFO]: The_soulstealer4[/127.0.0.1:35196] logged in with entity id 18 at ([world]2762.8727925384796, 113.0, 3008.300000011921)
[08:40:48] [Server thread/WARN]: Can't keep up! Is the server overloaded? Running 2630ms or 52 ticks behind
[08:40:49] [Netty Epoll Server IO #2/WARN]: [ViaVersion] (1.13->1.12.2) Ignoring plugin channel in serverbound REGISTER: EAG|Voice-1.8
[08:40:49] [Netty Epoll Server IO #2/WARN]: [ViaVersion] (1.13->1.12.2) Ignoring plugin channel in serverbound REGISTER: EAG|1.8-Ready
[08:40:49] [Netty Epoll Server IO #2/WARN]: [ViaVersion] (1.13->1.12.2) Ignoring plugin channel in serverbound REGISTER: EAG|1.8-Voice-RPC
[08:40:49] [Netty Epoll Server IO #2/WARN]: [ViaVersion] (1.13->1.12.2) Ignoring plugin channel in serverbound REGISTER: EAG|1.8-RPC
[08:40:49] [Netty Epoll Server IO #2/WARN]: [ViaVersion] (1.13->1.12.2) Ignoring plugin channel in serverbound REGISTER: EAG|1.8
[08:40:49] [Netty Epoll Server IO #2/WARN]: [ViaVersion] (1.13->1.12.2) Ignoring plugin channel in serverbound REGISTER: EAG|Skins-1.8
[08:40:49] [Netty Epoll Server IO #2/WARN]: [ViaVersion] (1.13->1.12.2) Ignoring plugin channel in serverbound REGISTER: EAG|UpdateCert-1.8
[08:40:49] [Netty Epoll Server IO #2/WARN]: [ViaVersion] (1.13->1.12.2) Ignoring plugin channel in serverbound REGISTER: EAG|FNAWSEn-1.8
[08:40:49] [Netty Epoll Server IO #2/WARN]: [ViaVersion] (1.13->1.12.2) Ignoring plugin channel in serverbound REGISTER: EAG|Capes-1.8
[08:40:53] [Server thread/INFO]: EntityZ096x issued server command: /heal
[08:40:53] [Server thread/INFO]: The_soulstealer4 issued server command: /give th
[08:41:12] [Server thread/INFO]: The_soulstealer4 issued server command: /give The_soulstealer4 waterbucket 3
[08:41:13] [Server thread/WARN]: Can't keep up! Is the server overloaded? Running 9649ms or 192 ticks behind
[08:41:16] [Server thread/INFO]: EntityZ096x issued server command: /give EntityZ096x rail
[08:41:24] [Server thread/INFO]: The_soulstealer4 issued server command: /give The_soulstealer4 shield 1
[08:41:29] [Server thread/INFO]: The_soulstealer4 issued server command: /enchant unbreaking 3
[08:41:34] [Server thread/INFO]: The_soulstealer4 issued server command: /enchant mending 3
[08:41:44] [Server thread/INFO]: The_soulstealer4 issued server command: /tp EntityZ096x The_soulstealer4
[08:41:45] [Server thread/INFO]: EntityZ096x issued server command: /tp EntityZ096x The_soulstealer4
[08:42:01] [Server thread/INFO]: EntityZ096x issued server command: /heal
[08:42:05] [Server thread/INFO]: EntityZ096x issued server command: /loadkit mace
[08:42:09] [Server thread/INFO]: EntityZ096x issued server command: /loadkit entitymace
[08:42:20] [Server thread/INFO]: EntityZ096x issued server command: /gamemode s The_soulstealer4
[08:42:25] [Server thread/INFO]: The_soulstealer4 lost connection: Disconnected
[08:42:26] [Server thread/INFO]: The_soulstealer4 left the game
[08:42:33] [User Authenticator #1/INFO]: UUID of player The_soulstealer4 is f161703d-2681-3b48-bfd1-1d80e057c727
[08:42:33] [Server thread/INFO]: The_soulstealer4 joined the game
[08:42:33] [Server thread/INFO]: The_soulstealer4[/127.0.0.1:42796] logged in with entity id 457 at ([world]2769.3205769382657, 113.0, 3011.5670644629677)
[08:42:33] [Netty Epoll Server IO #3/WARN]: [ViaVersion] (1.13->1.12.2) Ignoring plugin channel in serverbound REGISTER: EAG|Voice-1.8
[08:42:33] [Netty Epoll Server IO #3/WARN]: [ViaVersion] (1.13->1.12.2) Ignoring plugin channel in serverbound REGISTER: EAG|1.8-Ready
[08:42:33] [Netty Epoll Server IO #3/WARN]: [ViaVersion] (1.13->1.12.2) Ignoring plugin channel in serverbound REGISTER: EAG|1.8-Voice-RPC
[08:42:33] [Netty Epoll Server IO #3/WARN]: [ViaVersion] (1.13->1.12.2) Ignoring plugin channel in serverbound REGISTER: EAG|1.8-RPC
[08:42:33] [Netty Epoll Server IO #3/WARN]: [ViaVersion] (1.13->1.12.2) Ignoring plugin channel in serverbound REGISTER: EAG|1.8
[08:42:33] [Netty Epoll Server IO #3/WARN]: [ViaVersion] (1.13->1.12.2) Ignoring plugin channel in serverbound REGISTER: EAG|Skins-1.8
[08:42:33] [Netty Epoll Server IO #3/WARN]: [ViaVersion] (1.13->1.12.2) Ignoring plugin channel in serverbound REGISTER: EAG|UpdateCert-1.8
[08:42:33] [Netty Epoll Server IO #3/WARN]: [ViaVersion] (1.13->1.12.2) Ignoring plugin channel in serverbound REGISTER: EAG|FNAWSEn-1.8
[08:42:33] [Netty Epoll Server IO #3/WARN]: [ViaVersion] (1.13->1.12.2) Ignoring plugin channel in serverbound REGISTER: EAG|Capes-1.8
[08:42:37] [Server thread/INFO]: The_soulstealer4 issued server command: /gamemode creative
[08:42:41] [Server thread/INFO]: EntityZ096x issued server command: /gamemode s The_soulstealer4
[08:42:42] [Server thread/INFO]: The_soulstealer4 issued server command: /gamemode creative
[08:42:43] [Server thread/INFO]: EntityZ096x issued server command: /gamemode s The_soulstealer4
[08:42:45] [Server thread/INFO]: The_soulstealer4 issued server command: /gamemode creative
[08:42:47] [Server thread/INFO]: EntityZ096x issued server command: /gamemode s The_soulstealer4
[08:42:47] [Server thread/INFO]: The_soulstealer4 issued server command: /gamemode creative
[08:42:49] [Server thread/INFO]: EntityZ096x lost connection: Disconnected
[08:42:49] [Server thread/INFO]: EntityZ096x left the game
[08:42:59] [User Authenticator #1/INFO]: UUID of player EntityZ096x is 2ee83cb0-186f-329d-bb3e-2dd2a293057c
[08:42:59] [Server thread/INFO]: EntityZ096x joined the game
[08:42:59] [Server thread/INFO]: EntityZ096x[/127.0.0.1:54230] logged in with entity id 501 at ([world]2757.0573281240563, 113.0, 3009.3303050814907)
[08:42:59] [Netty Epoll Server IO #0/WARN]: [ViaVersion] (1.13->1.12.2) Ignoring plugin channel in serverbound REGISTER: EAG|Voice-1.8
[08:42:59] [Netty Epoll Server IO #0/WARN]: [ViaVersion] (1.13->1.12.2) Ignoring plugin channel in serverbound REGISTER: EAG|1.8-Ready
[08:42:59] [Netty Epoll Server IO #0/WARN]: [ViaVersion] (1.13->1.12.2) Ignoring plugin channel in serverbound REGISTER: EAG|1.8-Voice-RPC
[08:42:59] [Netty Epoll Server IO #0/WARN]: [ViaVersion] (1.13->1.12.2) Ignoring plugin channel in serverbound REGISTER: EAG|1.8-RPC
[08:42:59] [Netty Epoll Server IO #0/WARN]: [ViaVersion] (1.13->1.12.2) Ignoring plugin channel in serverbound REGISTER: EAG|1.8
[08:42:59] [Netty Epoll Server IO #0/WARN]: [ViaVersion] (1.13->1.12.2) Ignoring plugin channel in serverbound REGISTER: EAG|Skins-1.8
[08:42:59] [Netty Epoll Server IO #0/WARN]: [ViaVersion] (1.13->1.12.2) Ignoring plugin channel in serverbound REGISTER: EAG|UpdateCert-1.8
[08:42:59] [Netty Epoll Server IO #0/WARN]: [ViaVersion] (1.13->1.12.2) Ignoring plugin channel in serverbound REGISTER: EAG|FNAWSEn-1.8
[08:42:59] [Netty Epoll Server IO #0/WARN]: [ViaVersion] (1.13->1.12.2) Ignoring plugin channel in serverbound REGISTER: EAG|Capes-1.8
[08:43:02] [Server thread/INFO]: EntityZ096x issued server command: /spec
[08:43:11] [Server thread/INFO]: EntityZ096x issued server command: /gamemode s
[08:43:13] [Server thread/INFO]: The_soulstealer4 issued server command: /give The_soulstealer4 experiencebottle 64
[08:43:14] [Server thread/INFO]: EntityZ096x issued server command: /summon minecraft:iron_golem
[08:43:14] [Server thread/INFO]: [EntityZ096x: Summoned new Iron Golem]
[08:43:15] [Server thread/INFO]: The_soulstealer4 issued server command: /give The_soulstealer4 experiencebottle 64
[08:43:15] [Server thread/INFO]: The_soulstealer4 issued server command: /give The_soulstealer4 experiencebottle 64
[08:43:16] [Server thread/INFO]: The_soulstealer4 issued server command: /give The_soulstealer4 experiencebottle 64
[08:43:18] [Server thread/INFO]: The_soulstealer4 issued server command: /give The_soulstealer4 experiencebottle 64
[08:43:23] [Server thread/INFO]: EntityZ096x issued server command: /summon minecraft:iron_golem
[08:43:23] [Server thread/INFO]: [EntityZ096x: Summoned new Iron Golem]
[08:43:29] [Server thread/INFO]: EntityZ096x issued server command: /summon minecraft:iron_golem
[08:43:29] [Server thread/INFO]: [EntityZ096x: Summoned new Iron Golem]
[08:43:43] [Server thread/INFO]: The_soulstealer4 issued server command: /give The_soulstealer4 totem 4
[08:44:43] [Server thread/INFO]: EntityZ096x issued server command: /sk reload scripts
[08:44:55] [Server thread/INFO]: EntityZ096x issued server command: /sk reload scripts
[08:44:58] [Server thread/INFO]: EntityZ096x issued server command: /irongolem
[08:45:15] [User Authenticator #2/INFO]: UUID of player JustDan12 is 095db011-95a8-3a06-8fb1-534e8c441c8c
[08:45:16] [Server thread/INFO]: JustDan12 joined the game
[08:45:16] [Server thread/INFO]: JustDan12[/127.0.0.1:56756] logged in with entity id 824 at ([world]2799.300000011921, 76.0, 2932.333247607537)
[08:45:16] [Netty Epoll Server IO #1/WARN]: [ViaVersion] (1.13->1.12.2) Ignoring plugin channel in serverbound REGISTER: EAG|Voice-1.8
[08:45:16] [Netty Epoll Server IO #1/WARN]: [ViaVersion] (1.13->1.12.2) Ignoring plugin channel in serverbound REGISTER: EAG|1.8-Ready
[08:45:16] [Netty Epoll Server IO #1/WARN]: [ViaVersion] (1.13->1.12.2) Ignoring plugin channel in serverbound REGISTER: EAG|1.8-Voice-RPC
[08:45:16] [Netty Epoll Server IO #1/WARN]: [ViaVersion] (1.13->1.12.2) Ignoring plugin channel in serverbound REGISTER: EAG|1.8-RPC
[08:45:16] [Netty Epoll Server IO #1/WARN]: [ViaVersion] (1.13->1.12.2) Ignoring plugin channel in serverbound REGISTER: EAG|1.8
[08:45:16] [Netty Epoll Server IO #1/WARN]: [ViaVersion] (1.13->1.12.2) Ignoring plugin channel in serverbound REGISTER: EAG|Skins-1.8
[08:45:16] [Netty Epoll Server IO #1/WARN]: [ViaVersion] (1.13->1.12.2) Ignoring plugin channel in serverbound REGISTER: EAG|UpdateCert-1.8
[08:45:16] [Netty Epoll Server IO #1/WARN]: [ViaVersion] (1.13->1.12.2) Ignoring plugin channel in serverbound REGISTER: EAG|FNAWSEn-1.8
[08:45:16] [Netty Epoll Server IO #1/WARN]: [ViaVersion] (1.13->1.12.2) Ignoring plugin channel in serverbound REGISTER: EAG|Capes-1.8
[08:45:32] [Server thread/INFO]: The_soulstealer4 issued server command: /give The_soulstealer4 strength2pot 100
[08:45:41] [Server thread/INFO]: The_soulstealer4 issued server command: /give The_soulstealer4 strength2splashpot 100
[08:46:09] [Server thread/INFO]: EntityZ096x issued server command: /god
[08:46:16] [Server thread/INFO]: EntityZ096x issued server command: /god
[08:46:28] [Server thread/INFO]: The_soulstealer4 issued server command: /savekit netheritemelee
[08:46:28] [Server thread/INFO]: JustDan12 was doomed to fall by Iron Golem
[08:46:51] [Server thread/INFO]: The_soulstealer4 issued server command: /loadkit netheritemelee
[08:47:00] [Server thread/INFO]: The_soulstealer4 issued server command: /savekit melee
[08:47:12] [Server thread/INFO]: EntityZ096x issued server command: /irongolem
[08:47:44] [Server thread/INFO]: The_soulstealer4 issued server command: /give The_soulstealer4 cobweb 128
[08:48:00] [Server thread/INFO]: The_soulstealer4 issued server command: /give The_soulstealer4 str2splashpot 4
[08:48:04] [Server thread/INFO]: The_soulstealer4 issued server command: /give The_soulstealer4 str2splashpot 2
[08:48:07] [Async Chat Thread - #1/INFO]: [Not Secure] [L] Admin || The_soulstealer4 || » e
[08:48:15] [Server thread/INFO]: JustDan12 issued server command: /enchant windburst 2
[08:48:19] [Server thread/INFO]: JustDan12 issued server command: /savekit justdankit
[08:48:30] [Server thread/INFO]: EntityZ096x issued server command: /irongolem
[08:48:34] [Server thread/INFO]: The_soulstealer4 issued server command: /give The_soulstealer4 strength2splashpot 6
[08:48:38] [Server thread/INFO]: JustDan12 issued server command: /savekit justdankit
[08:48:41] [Server thread/INFO]: The_soulstealer4 issued server command: /give The_soulstealer4 strength2splashpot 6
[08:49:04] [Server thread/INFO]: The_soulstealer4 issued server command: /give The_soulstealer4 swiftness1splashpot 3
[08:49:09] [Server thread/INFO]: JustDan12 lost connection: Disconnected
[08:49:09] [Server thread/INFO]: JustDan12 left the game
[08:49:11] [Server thread/INFO]: The_soulstealer4 issued server command: /give The_soulstealer4 swiftnesssplashpot 2
[08:49:21] [Server thread/INFO]: EntityZ096x issued server command: /instatotem
[08:49:24] [Server thread/INFO]: The_soulstealer4 issued server command: /give The_soulstealer4 swiftnesssplashpot 8min 2
[08:49:25] [Server thread/INFO]: EntityZ096x issued server command: /give EntityZ096x totem
[08:49:34] [Server thread/INFO]: The_soulstealer4 issued server command: /give The_soulstealer4 swiftnesssplashpot 2 8min
[08:49:55] [Server thread/INFO]: EntityZ096x issued server command: /give EntityZ096x totem
[08:49:56] [Server thread/INFO]: EntityZ096x issued server command: /instatotem
[08:49:59] [Server thread/INFO]: EntityZ096x issued server command: /irongolem
[08:50:13] [Server thread/INFO]: The_soulstealer4 issued server command: /give The_soulstealer4 fire_resistance_2 8min 2
[08:50:21] [Server thread/INFO]: The_soulstealer4 issued server command: /give The_soulstealer4 fire_resistance_splash_potion 3
[08:51:09] [Server thread/INFO]: The_soulstealer4 issued server command: /enchant mending
[08:51:21] [Server thread/INFO]: The_soulstealer4 issued server command: /enchant unbreaking 3
[08:51:33] [Server thread/INFO]: The_soulstealer4 issued server command: /savekit netherpot
[08:51:40] [Server thread/INFO]: EntityZ096x lost connection: Disconnected
[08:51:40] [Server thread/INFO]: EntityZ096x left the game
[08:51:44] [Server thread/INFO]: The_soulstealer4 issued server command: /minecraft:clear The_soulstealer4
[08:51:44] [Server thread/INFO]: [The_soulstealer4: Removed 445 item(s) from player The_soulstealer4]
[08:51:54] [Server thread/INFO]: The_soulstealer4 issued server command: /loadkit netherpot
[08:52:00] [Server thread/INFO]: The_soulstealer4 issued server command: /minecraft:clear The_soulstealer4
[08:52:00] [Server thread/INFO]: [The_soulstealer4: Removed 450 item(s) from player The_soulstealer4]
[08:52:02] [Server thread/INFO]: The_soulstealer4 issued server command: /minecraft:clear The_soulstealer4
[08:52:04] [Server thread/INFO]: The_soulstealer4 issued server command: /loadkit netherpot
[08:52:34] [Server thread/INFO]: The_soulstealer4 issued server command: /savekit netherpot
[08:52:36] [Server thread/INFO]: The_soulstealer4 issued server command: /minecraft:clear The_soulstealer4
[08:52:36] [Server thread/INFO]: [The_soulstealer4: Removed 450 item(s) from player The_soulstealer4]
[08:52:39] [Server thread/INFO]: The_soulstealer4 issued server command: /loadkit netherpot
[08:53:06] [Server thread/INFO]: The_soulstealer4 lost connection: Disconnected
[08:53:06] [Server thread/INFO]: The_soulstealer4 left the game
[08:53:15] [User Authenticator #3/INFO]: UUID of player The_soulstealer4 is f161703d-2681-3b48-bfd1-1d80e057c727
[08:53:15] [Server thread/INFO]: The_soulstealer4 joined the game
[08:53:15] [Server thread/INFO]: The_soulstealer4[/127.0.0.1:55346] logged in with entity id 1879 at ([world]2756.2251458763426, 116.0, 3011.4188191332687)
[08:53:16] [Netty Epoll Server IO #2/WARN]: [ViaVersion] (1.13->1.12.2) Ignoring plugin channel in serverbound REGISTER: EAG|Voice-1.8
[08:53:16] [Netty Epoll Server IO #2/WARN]: [ViaVersion] (1.13->1.12.2) Ignoring plugin channel in serverbound REGISTER: EAG|1.8-Ready
[08:53:16] [Netty Epoll Server IO #2/WARN]: [ViaVersion] (1.13->1.12.2) Ignoring plugin channel in serverbound REGISTER: EAG|1.8-Voice-RPC
[08:53:16] [Netty Epoll Server IO #2/WARN]: [ViaVersion] (1.13->1.12.2) Ignoring plugin channel in serverbound REGISTER: EAG|1.8-RPC
[08:53:16] [Netty Epoll Server IO #2/WARN]: [ViaVersion] (1.13->1.12.2) Ignoring plugin channel in serverbound REGISTER: EAG|1.8
[08:53:16] [Netty Epoll Server IO #2/WARN]: [ViaVersion] (1.13->1.12.2) Ignoring plugin channel in serverbound REGISTER: EAG|Skins-1.8
[08:53:16] [Netty Epoll Server IO #2/WARN]: [ViaVersion] (1.13->1.12.2) Ignoring plugin channel in serverbound REGISTER: EAG|UpdateCert-1.8
[08:53:16] [Netty Epoll Server IO #2/WARN]: [ViaVersion] (1.13->1.12.2) Ignoring plugin channel in serverbound REGISTER: EAG|FNAWSEn-1.8
[08:53:16] [Netty Epoll Server IO #2/WARN]: [ViaVersion] (1.13->1.12.2) Ignoring plugin channel in serverbound REGISTER: EAG|Capes-1.8
[08:53:21] [Server thread/INFO]: The_soulstealer4 lost connection: Disconnected
[08:53:22] [Server thread/INFO]: The_soulstealer4 left the game
[09:30:41] [User Authenticator #4/INFO]: UUID of player EntityZ096x is 2ee83cb0-186f-329d-bb3e-2dd2a293057c
[09:30:41] [Server thread/INFO]: EntityZ096x joined the game
[09:30:41] [Server thread/INFO]: EntityZ096x[/127.0.0.1:55890] logged in with entity id 2011 at ([world]2723.739009863508, 111.0, 3031.699999988079)
[09:30:41] [Netty Epoll Server IO #3/WARN]: [ViaVersion] (1.13->1.12.2) Ignoring plugin channel in serverbound REGISTER: EAG|Voice-1.8
[09:30:41] [Netty Epoll Server IO #3/WARN]: [ViaVersion] (1.13->1.12.2) Ignoring plugin channel in serverbound REGISTER: EAG|1.8-Ready
[09:30:41] [Netty Epoll Server IO #3/WARN]: [ViaVersion] (1.13->1.12.2) Ignoring plugin channel in serverbound REGISTER: EAG|1.8-Voice-RPC
[09:30:41] [Netty Epoll Server IO #3/WARN]: [ViaVersion] (1.13->1.12.2) Ignoring plugin channel in serverbound REGISTER: EAG|1.8-RPC
[09:30:41] [Netty Epoll Server IO #3/WARN]: [ViaVersion] (1.13->1.12.2) Ignoring plugin channel in serverbound REGISTER: EAG|1.8
[09:30:41] [Netty Epoll Server IO #3/WARN]: [ViaVersion] (1.13->1.12.2) Ignoring plugin channel in serverbound REGISTER: EAG|Skins-1.8
[09:30:41] [Netty Epoll Server IO #3/WARN]: [ViaVersion] (1.13->1.12.2) Ignoring plugin channel in serverbound REGISTER: EAG|UpdateCert-1.8
[09:30:41] [Netty Epoll Server IO #3/WARN]: [ViaVersion] (1.13->1.12.2) Ignoring plugin channel in serverbound REGISTER: EAG|FNAWSEn-1.8
[09:30:41] [Netty Epoll Server IO #3/WARN]: [ViaVersion] (1.13->1.12.2) Ignoring plugin channel in serverbound REGISTER: EAG|Capes-1.8
[09:31:01] [Server thread/INFO]: EntityZ096x issued server command: /spec
[09:31:17] [Server thread/INFO]: EntityZ096x issued server command: /gamemode c
[09:31:19] [Server thread/INFO]: EntityZ096x issued server command: /gamemode s
[09:31:21] [Server thread/INFO]: EntityZ096x issued server command: /summon minecraft:iron_golem
[09:31:21] [Server thread/INFO]: [EntityZ096x: Summoned new Iron Golem]
[09:31:40] [User Authenticator #4/INFO]: UUID of player 234565432 is fa700949-a338-3808-9fd3-a56c331cb6cb
[09:31:40] [Server thread/INFO]: 234565432 joined the game
[09:31:40] [Server thread/INFO]: 234565432[/127.0.0.1:48076] logged in with entity id 2269 at ([world]110.5, 72.0, 522.5)
[09:31:40] [Netty Epoll Server IO #0/WARN]: [ViaVersion] (1.13->1.12.2) Ignoring plugin channel in serverbound REGISTER: EAG|Voice-1.8
[09:31:40] [Netty Epoll Server IO #0/WARN]: [ViaVersion] (1.13->1.12.2) Ignoring plugin channel in serverbound REGISTER: EAG|1.8-Ready
[09:31:40] [Netty Epoll Server IO #0/WARN]: [ViaVersion] (1.13->1.12.2) Ignoring plugin channel in serverbound REGISTER: EAG|1.8-Voice-RPC
[09:31:40] [Netty Epoll Server IO #0/WARN]: [ViaVersion] (1.13->1.12.2) Ignoring plugin channel in serverbound REGISTER: EAG|1.8-RPC
[09:31:40] [Netty Epoll Server IO #0/WARN]: [ViaVersion] (1.13->1.12.2) Ignoring plugin channel in serverbound REGISTER: EAG|1.8
[09:31:40] [Netty Epoll Server IO #0/WARN]: [ViaVersion] (1.13->1.12.2) Ignoring plugin channel in serverbound REGISTER: EAG|Skins-1.8
[09:31:40] [Netty Epoll Server IO #0/WARN]: [ViaVersion] (1.13->1.12.2) Ignoring plugin channel in serverbound REGISTER: EAG|UpdateCert-1.8
[09:31:40] [Netty Epoll Server IO #0/WARN]: [ViaVersion] (1.13->1.12.2) Ignoring plugin channel in serverbound REGISTER: EAG|FNAWSEn-1.8
[09:31:40] [Netty Epoll Server IO #0/WARN]: [ViaVersion] (1.13->1.12.2) Ignoring plugin channel in serverbound REGISTER: EAG|Capes-1.8
[09:31:41] [Server thread/INFO]: EntityZ096x issued server command: /summon minecraft:iron_golem
[09:31:41] [Server thread/INFO]: [EntityZ096x: Summoned new Iron Golem]
[09:31:45] [Server thread/INFO]: EntityZ096x issued server command: /tpall
[09:32:31] [Server thread/INFO]: 234565432 was slain by Zombie
[09:32:31] [Server thread/INFO]: 234565432 has completed the challenge [Cover Me in Debris]
[09:32:31] [Server thread/INFO]: 234565432 has reached the goal [Sky's the Limit]
[09:32:37] [Server thread/INFO]: EntityZ096x issued server command: /suicide
[09:32:37] [Server thread/INFO]: EntityZ096x was shot by Skeleton
[09:33:13] [Server thread/INFO]: 234565432 was smashed by EntityZ096x
[09:33:35] [Server thread/INFO]: 234565432 was smashed by EntityZ096x
[09:34:04] [Server thread/INFO]: 234565432 has reached the goal [Postmortal]
[09:34:43] [Server thread/INFO]: 234565432 was smashed by EntityZ096x
[09:35:17] [Server thread/WARN]: EntityZ096x moved wrongly!
[09:36:14] [Server thread/INFO]: 234565432 was smashed by EntityZ096x
[09:37:04] [Server thread/INFO]: 234565432 was smashed by EntityZ096x
[09:37:10] [Server thread/INFO]: 234565432 was smashed by EntityZ096x
[09:38:06] [Server thread/WARN]: EntityZ096x moved wrongly!
[09:38:18] [Server thread/INFO]: EntityZ096x was smashed by 234565432
[09:38:38] [Server thread/INFO]: 234565432 was smashed by EntityZ096x
[09:39:40] [Server thread/INFO]: 234565432 was smashed by EntityZ096x
[09:40:30] [Server thread/INFO]: 234565432 was smashed by EntityZ096x
[09:40:44] [Server thread/INFO]: EntityZ096x issued server command: /tpall
[09:40:51] [Server thread/INFO]: EntityZ096x issued server command: /tpall
[09:41:33] [Server thread/INFO]: 234565432 was smashed by EntityZ096x
[09:41:38] [Server thread/INFO]: 234565432 was smashed by EntityZ096x
[09:42:21] [Server thread/INFO]: 234565432 was smashed by EntityZ096x
[09:43:03] [Server thread/INFO]: 234565432 was smashed by EntityZ096x
[09:44:40] [Server thread/INFO]: EntityZ096x issued server command: /tpall
[09:44:54] [Server thread/INFO]: 234565432 was smashed by EntityZ096x
[09:45:28] [Server thread/INFO]: EntityZ096x fell from a high place
[09:46:42] [Server thread/INFO]: 234565432 was slain by EntityZ096x
[09:47:14] [Server thread/WARN]: EntityZ096x moved wrongly!
[09:47:42] [Server thread/WARN]: EntityZ096x moved wrongly!
[09:47:56] [Server thread/INFO]: 234565432 was smashed by EntityZ096x
[09:48:23] [Server thread/WARN]: EntityZ096x moved wrongly!
[09:48:27] [Async Chat Thread - #3/INFO]: [Not Secure] [L] 234565432 » ah
[09:48:47] [Server thread/INFO]: 234565432 has made the advancement [Monster Hunter]
[09:49:02] [Server thread/INFO]: EntityZ096x issued server command: /summon minecraft:iron_golem
[09:49:02] [Server thread/INFO]: [EntityZ096x: Summoned new Iron Golem]
[09:49:21] [Server thread/INFO]: EntityZ096x issued server command: /summon minecraft:iron_golem
[09:49:21] [Server thread/INFO]: [EntityZ096x: Summoned new Iron Golem]
[09:49:34] [Server thread/WARN]: 234565432 moved wrongly!
[09:49:34] [Server thread/WARN]: 234565432 moved wrongly!
[09:49:35] [Server thread/WARN]: 234565432 moved wrongly!
[09:49:35] [Server thread/WARN]: 234565432 moved wrongly!
[09:49:38] [Server thread/INFO]: EntityZ096x issued server command: /summon minecraft:iron_golem
[09:49:38] [Server thread/INFO]: [EntityZ096x: Summoned new Iron Golem]
[09:49:41] [Server thread/INFO]: 234565432 has made the advancement [Acquire Hardware]
[09:49:53] [Server thread/INFO]: EntityZ096x was doomed to fall by Iron Golem
[09:50:03] [Server thread/INFO]: 234565432 was smashed by EntityZ096x
[09:50:05] [Server thread/INFO]: EntityZ096x issued server command: /summon minecraft:iron_golem
[09:50:05] [Server thread/INFO]: [EntityZ096x: Summoned new Iron Golem]
[09:50:15] [Server thread/INFO]: EntityZ096x issued server command: /summon minecraft:iron_golem
[09:50:15] [Server thread/INFO]: [EntityZ096x: Summoned new Iron Golem]
[09:50:30] [Server thread/INFO]: EntityZ096x issued server command: /summon minecraft:iron_golem
[09:50:30] [Server thread/INFO]: [EntityZ096x: Summoned new Iron Golem]
[09:50:45] [Server thread/INFO]: EntityZ096x issued server command: /summon minecraft:iron_golem
[09:50:45] [Server thread/INFO]: [EntityZ096x: Summoned new Iron Golem]
[09:50:59] [Server thread/INFO]: EntityZ096x issued server command: /summon minecraft:iron_golem
[09:50:59] [Server thread/INFO]: [EntityZ096x: Summoned new Iron Golem]
[09:51:18] [Server thread/INFO]: 234565432 has made the advancement [Who Needs Rockets?]
[09:51:31] [Server thread/WARN]: 234565432 moved wrongly!
[09:51:36] [Server thread/INFO]: EntityZ096x issued server command: /summon minecraft:iron_golem
[09:51:36] [Server thread/INFO]: [EntityZ096x: Summoned new Iron Golem]
[09:51:37] [Server thread/INFO]: EntityZ096x issued server command: /heal
[09:51:57] [Server thread/INFO]: EntityZ096x issued server command: /heal
[09:52:00] [Server thread/INFO]: EntityZ096x issued server command: /summon minecraft:iron_golem
[09:52:00] [Server thread/INFO]: [EntityZ096x: Summoned new Iron Golem]
[09:52:03] [Async Chat Thread - #4/INFO]: [Not Secure] [L] 234565432 » r
[09:52:09] [Server thread/INFO]: EntityZ096x issued server command: /summon minecraft:iron_golem
[09:52:09] [Server thread/INFO]: [EntityZ096x: Summoned new Iron Golem]
[09:52:25] [Server thread/INFO]: EntityZ096x issued server command: /summon minecraft:iron_golem
[09:52:26] [Server thread/INFO]: [EntityZ096x: Summoned new Iron Golem]
[09:52:35] [Server thread/WARN]: EntityZ096x moved wrongly!
[09:52:50] [Server thread/WARN]: EntityZ096x moved wrongly!
[09:53:27] [Server thread/INFO]: 234565432 was smashed by EntityZ096x
[09:54:21] [Server thread/INFO]: 234565432 was smashed by EntityZ096x
[09:54:22] [Server thread/INFO]: 234565432 lost connection: Disconnected
[09:54:22] [Server thread/INFO]: 234565432 left the game
[09:54:36] [Server thread/INFO]: EntityZ096x issued server command: /summon minecraft:iron_golem
[09:54:36] [Server thread/INFO]: [EntityZ096x: Summoned new Iron Golem]
[09:54:43] [User Authenticator #5/INFO]: UUID of player 234565432 is fa700949-a338-3808-9fd3-a56c331cb6cb
[09:54:43] [Server thread/INFO]: 234565432 joined the game
[09:54:43] [Server thread/INFO]: 234565432[/127.0.0.1:50484] logged in with entity id 6182 at ([world]2802.0, 76.0, 2930.0)
[09:54:44] [Netty Epoll Server IO #1/WARN]: [ViaVersion] (1.13->1.12.2) Ignoring plugin channel in serverbound REGISTER: EAG|Voice-1.8
[09:54:44] [Netty Epoll Server IO #1/WARN]: [ViaVersion] (1.13->1.12.2) Ignoring plugin channel in serverbound REGISTER: EAG|1.8-Ready
[09:54:44] [Netty Epoll Server IO #1/WARN]: [ViaVersion] (1.13->1.12.2) Ignoring plugin channel in serverbound REGISTER: EAG|1.8-Voice-RPC
[09:54:44] [Netty Epoll Server IO #1/WARN]: [ViaVersion] (1.13->1.12.2) Ignoring plugin channel in serverbound REGISTER: EAG|1.8-RPC
[09:54:44] [Netty Epoll Server IO #1/WARN]: [ViaVersion] (1.13->1.12.2) Ignoring plugin channel in serverbound REGISTER: EAG|1.8
[09:54:44] [Netty Epoll Server IO #1/WARN]: [ViaVersion] (1.13->1.12.2) Ignoring plugin channel in serverbound REGISTER: EAG|Skins-1.8
[09:54:44] [Netty Epoll Server IO #1/WARN]: [ViaVersion] (1.13->1.12.2) Ignoring plugin channel in serverbound REGISTER: EAG|UpdateCert-1.8
[09:54:44] [Netty Epoll Server IO #1/WARN]: [ViaVersion] (1.13->1.12.2) Ignoring plugin channel in serverbound REGISTER: EAG|FNAWSEn-1.8
[09:54:44] [Netty Epoll Server IO #1/WARN]: [ViaVersion] (1.13->1.12.2) Ignoring plugin channel in serverbound REGISTER: EAG|Capes-1.8
[09:54:58] [Server thread/WARN]: EntityZ096x moved wrongly!
[09:55:11] [Server thread/INFO]: 234565432 was smashed by EntityZ096x
[09:55:13] [Server thread/INFO]: 234565432 lost connection: Disconnected
[09:55:13] [Server thread/INFO]: 234565432 left the game
[09:55:17] [Server thread/INFO]: EntityZ096x lost connection: Disconnected
[09:55:17] [Server thread/INFO]: EntityZ096x left the game
[10:44:40] [User Authenticator #6/INFO]: UUID of player EntityZ096x is 2ee83cb0-186f-329d-bb3e-2dd2a293057c
[10:44:40] [Server thread/INFO]: EntityZ096x joined the game
[10:44:40] [Server thread/INFO]: EntityZ096x[/127.0.0.1:52088] logged in with entity id 6292 at ([world]2803.5501977317977, 76.0, 2912.9312976417596)
[10:44:40] [Netty Epoll Server IO #2/WARN]: [ViaVersion] (1.13->1.12.2) Ignoring plugin channel in serverbound REGISTER: EAG|Voice-1.8
[10:44:40] [Netty Epoll Server IO #2/WARN]: [ViaVersion] (1.13->1.12.2) Ignoring plugin channel in serverbound REGISTER: EAG|1.8-Ready
[10:44:40] [Netty Epoll Server IO #2/WARN]: [ViaVersion] (1.13->1.12.2) Ignoring plugin channel in serverbound REGISTER: EAG|1.8-Voice-RPC
[10:44:40] [Netty Epoll Server IO #2/WARN]: [ViaVersion] (1.13->1.12.2) Ignoring plugin channel in serverbound REGISTER: EAG|1.8-RPC
[10:44:40] [Netty Epoll Server IO #2/WARN]: [ViaVersion] (1.13->1.12.2) Ignoring plugin channel in serverbound REGISTER: EAG|1.8
[10:44:40] [Netty Epoll Server IO #2/WARN]: [ViaVersion] (1.13->1.12.2) Ignoring plugin channel in serverbound REGISTER: EAG|Skins-1.8
[10:44:40] [Netty Epoll Server IO #2/WARN]: [ViaVersion] (1.13->1.12.2) Ignoring plugin channel in serverbound REGISTER: EAG|UpdateCert-1.8
[10:44:40] [Netty Epoll Server IO #2/WARN]: [ViaVersion] (1.13->1.12.2) Ignoring plugin channel in serverbound REGISTER: EAG|FNAWSEn-1.8
[10:44:40] [Netty Epoll Server IO #2/WARN]: [ViaVersion] (1.13->1.12.2) Ignoring plugin channel in serverbound REGISTER: EAG|Capes-1.8
[10:44:46] [Server thread/INFO]: EntityZ096x issued server command: /summon minecraft:iron_golem
[10:44:46] [Server thread/INFO]: [EntityZ096x: Summoned new Iron Golem]
[10:45:04] [Server thread/INFO]: EntityZ096x issued server command: /summon minecraft:iron_golem
[10:45:04] [Server thread/INFO]: [EntityZ096x: Summoned new Iron Golem]
[10:45:34] [Server thread/INFO]: EntityZ096x lost connection: Disconnected
[10:45:35] [Server thread/INFO]: EntityZ096x left the game
[10:51:55] [User Authenticator #7/INFO]: UUID of player EntityZ096x is 2ee83cb0-186f-329d-bb3e-2dd2a293057c
[10:51:55] [Server thread/INFO]: EntityZ096x joined the game
[10:51:55] [Server thread/INFO]: EntityZ096x[/127.0.0.1:58806] logged in with entity id 6583 at ([world]2808.0418422463626, 75.0, 2921.702066360143)
[10:51:55] [Netty Epoll Server IO #3/WARN]: [ViaVersion] (1.13->1.12.2) Ignoring plugin channel in serverbound REGISTER: EAG|Voice-1.8
[10:51:55] [Netty Epoll Server IO #3/WARN]: [ViaVersion] (1.13->1.12.2) Ignoring plugin channel in serverbound REGISTER: EAG|1.8-Ready
[10:51:55] [Netty Epoll Server IO #3/WARN]: [ViaVersion] (1.13->1.12.2) Ignoring plugin channel in serverbound REGISTER: EAG|1.8-Voice-RPC
[10:51:55] [Netty Epoll Server IO #3/WARN]: [ViaVersion] (1.13->1.12.2) Ignoring plugin channel in serverbound REGISTER: EAG|1.8-RPC
[10:51:55] [Netty Epoll Server IO #3/WARN]: [ViaVersion] (1.13->1.12.2) Ignoring plugin channel in serverbound REGISTER: EAG|1.8
[10:51:55] [Netty Epoll Server IO #3/WARN]: [ViaVersion] (1.13->1.12.2) Ignoring plugin channel in serverbound REGISTER: EAG|Skins-1.8
[10:51:55] [Netty Epoll Server IO #3/WARN]: [ViaVersion] (1.13->1.12.2) Ignoring plugin channel in serverbound REGISTER: EAG|UpdateCert-1.8
[10:51:55] [Netty Epoll Server IO #3/WARN]: [ViaVersion] (1.13->1.12.2) Ignoring plugin channel in serverbound REGISTER: EAG|FNAWSEn-1.8
[10:51:55] [Netty Epoll Server IO #3/WARN]: [ViaVersion] (1.13->1.12.2) Ignoring plugin channel in serverbound REGISTER: EAG|Capes-1.8
[10:52:15] [Server thread/INFO]: EntityZ096x issued server command: /god
[10:52:26] [Server thread/INFO]: EntityZ096x issued server command: /god
[10:53:09] [Server thread/INFO]: EntityZ096x issued server command: /irongolem
[10:53:54] [Server thread/INFO]: EntityZ096x issued server command: /irongolem
[10:54:41] [Server thread/INFO]: EntityZ096x issued server command: /god
[11:01:22] [Server thread/INFO]: EntityZ096x issued server command: /god
[11:02:26] [Server thread/INFO]: EntityZ096x was slain by Iron Golem
[11:03:12] [Server thread/INFO]: EntityZ096x issued server command: /irongolem
