[2026/06/24 08:04:29]: §9          __             _       
[2026/06/24 08:04:29]: §9  _ __   / /  ___   __ _(_)_ __  
[2026/06/24 08:04:29]: §9 | '_ \ / /  / _ \ / _` | | '_ \ 
[2026/06/24 08:04:29]: §9 | | | / /__| (_) | (_| | | | | |
[2026/06/24 08:04:29]: §9 |_| |_\____/\___/ \__, |_|_| |_|
[2026/06/24 08:04:29]: §9                  |___/            
[2026/06/24 08:04:29]: §9 By: www.nickuc.com - V 10.4.27
[2026/06/24 08:04:29]: §9 
[2026/06/24 08:04:30]: §3[nLogin] [DEBUG] All settings were loaded in 795 ms.
[2026/06/24 08:04:30]: §3[nLogin] [DEBUG] Loading the messages_en.yml message file...
[2026/06/24 08:04:30]: §3[nLogin] [DEBUG] All plugin messages were loaded in 125 ms (languageByClient=false).
[2026/06/24 08:04:30]: §3[nLogin] [DEBUG] All proxy settings were loaded in 24 ms.
[2026/06/24 08:04:30]: §3[nLogin] [DEBUG] Loading database...
[2026/06/24 08:04:31]: §3[nLogin] [DEBUG] Starting logger filter...
[2026/06/24 08:04:36]: 
[2026/06/24 08:04:36]:  §bThank you so much for choosing nLogin! §4<3
[2026/06/24 08:04:36]: 
[2026/06/24 08:04:36]:  §4For your safety, please read the message below:
[2026/06/24 08:04:36]:   §cNever download nLogin from unknown sources.
[2026/06/24 08:04:36]:   §cA modified version may contain malicious software.
[2026/06/24 08:04:36]: 
[2026/06/24 08:04:36]:  §3Trusted sources:
[2026/06/24 08:04:36]:   §bwww.nickuc.com
[2026/06/24 08:04:36]:   §bwww.github.com/nickuc
[2026/06/24 08:04:36]:   §bOpeNLogin installer (from Spigot or GitHub)
[2026/06/24 08:04:36]: 
[2026/06/24 08:04:36]:  §3Official support channels:
[2026/06/24 08:04:36]:   §bDiscord group: §fwww.nickuc.com/discord
[2026/06/24 08:04:36]:   §bDocumentation: §fdocs.nickuc.com/nlogin/
[2026/06/24 08:04:36]:   §bEmail: §fsupport@nickuc.com
[2026/06/24 08:04:36]:   §bYouTube: §fyoutube.com/nickuc
[2026/06/24 08:04:36]: 
[2026/06/24 08:04:36]:  §eTo remove this warning, log in with "nlogin.admin" permission on the server
[2026/06/24 08:04:36]:  §eand click the "Setup plugin" button to configure your plugin.
[2026/06/24 08:04:36]: 
[2026/06/24 08:04:47]: §3[nLogin] [DEBUG] [SQLite] [UPDATE]: "UPDATE `nlogin` SET `last_name` = 'JustDan12', `unique_id` = 095db01195a83a068fb1534e8c441c8c,  `mojang_id` = null,  `bedrock_id` = null,  `password` = '$2a$10$zlU2SCGZs5TILB8WKNyupOakyeknYKFHtamDTnuLNyG5eA/pHHO/S', `last_ip` = '0:0:0:0:0:0:0:1', `creation_date` = 2026-06-23 08:54:29.382, `last_seen` = 2026-06-24 08:04:47.11, `email` = null, `discord` = null, `settings` = '{"settings":[{"value":"survival","key":"last-server"},{"value":"en","key":"language"}],"version":0}' WHERE `ai` = 5" (applied to [last_ip, last_seen, settings] columns)
[2026/06/24 08:04:47]: [nLogin] The user JustDan12 has successfully logged in.
[2026/06/24 08:04:52]: §3[nLogin] [DEBUG] [SQLite] [UPDATE]: "UPDATE `nlogin` SET `last_name` = 'EntityZ096x', `unique_id` = 2ee83cb0186f329dbb3e2dd2a293057c,  `mojang_id` = null,  `bedrock_id` = null,  `password` = '$2a$10$hANg6QPwBYB164nUUdYSvunfF8/XDpOWG6r7AEV5YiO37Z1UaxmzG', `last_ip` = '0:0:0:0:0:0:0:1', `creation_date` = 2026-06-22 12:40:57.688, `last_seen` = 2026-06-24 08:04:52.576, `email` = null, `discord` = null, `settings` = '{"settings":[{"value":"survival","key":"last-server"},{"value":"en","key":"language"}],"version":0}' WHERE `ai` = 2" (applied to [last_ip, last_seen, settings] columns)
[2026/06/24 08:04:52]: [nLogin] The user EntityZ096x has successfully logged in.
[2026/06/24 08:05:23]: §3[nLogin] [DEBUG] [SQLite] [UPDATE]: "UPDATE `nlogin` SET `last_name` = 'JustDan12', `unique_id` = 095db01195a83a068fb1534e8c441c8c,  `mojang_id` = null,  `bedrock_id` = null,  `password` = '$2a$10$zlU2SCGZs5TILB8WKNyupOakyeknYKFHtamDTnuLNyG5eA/pHHO/S', `last_ip` = '0:0:0:0:0:0:0:1', `creation_date` = 2026-06-23 08:54:29.382, `last_seen` = 2026-06-24 08:05:23.582, `email` = null, `discord` = null, `settings` = '{"settings":[{"value":"auth","key":"last-server"},{"value":"en","key":"language"}],"version":0}' WHERE `ai` = 5" (applied to [last_seen, settings] columns)
[2026/06/24 08:05:31]: §3[nLogin] [DEBUG] [SQLite] [UPDATE]: "UPDATE `nlogin` SET `last_name` = 'JustDan12', `unique_id` = 095db01195a83a068fb1534e8c441c8c,  `mojang_id` = null,  `bedrock_id` = null,  `password` = '$2a$10$zlU2SCGZs5TILB8WKNyupOakyeknYKFHtamDTnuLNyG5eA/pHHO/S', `last_ip` = '0:0:0:0:0:0:0:1', `creation_date` = 2026-06-23 08:54:29.382, `last_seen` = 2026-06-24 08:05:31.296, `email` = null, `discord` = null, `settings` = '{"settings":[{"value":"auth","key":"last-server"},{"value":"en","key":"language"}],"version":0}' WHERE `ai` = 5" (applied to [last_ip, last_seen, settings] columns)
[2026/06/24 08:05:31]: [nLogin] The user JustDan12 has successfully logged in.
[2026/06/24 08:05:33]: §3[nLogin] [DEBUG] [SQLite] [UPDATE]: "UPDATE `nlogin` SET `last_name` = 'The_soulstealer4', `unique_id` = f161703d26813b48bfd11d80e057c727,  `mojang_id` = null,  `bedrock_id` = null,  `password` = '$2a$10$kn278zzHxrE9jA2yaCIhOeAdTKbWb1f6hZJOqDeIZcYS5LBhlOYeq', `last_ip` = '0:0:0:0:0:0:0:1', `creation_date` = 2026-06-23 07:19:25.22, `last_seen` = 2026-06-24 08:05:33.047, `email` = null, `discord` = null, `settings` = '{"settings":[{"value":"survival","key":"last-server"},{"value":"en","key":"language"}],"version":0}' WHERE `ai` = 4" (applied to [last_ip, last_seen, settings] columns)
[2026/06/24 08:05:33]: [nLogin] The user The_soulstealer4 has successfully logged in.
[2026/06/24 08:05:39]: §3[nLogin] [DEBUG] [SQLite] [UPDATE]: "UPDATE `nlogin` SET `last_name` = 'EntityZ096x', `unique_id` = 2ee83cb0186f329dbb3e2dd2a293057c,  `mojang_id` = null,  `bedrock_id` = null,  `password` = '$2a$10$hANg6QPwBYB164nUUdYSvunfF8/XDpOWG6r7AEV5YiO37Z1UaxmzG', `last_ip` = '0:0:0:0:0:0:0:1', `creation_date` = 2026-06-22 12:40:57.688, `last_seen` = 2026-06-24 08:05:39.059, `email` = null, `discord` = null, `settings` = '{"settings":[{"value":"auth","key":"last-server"},{"value":"en","key":"language"}],"version":0}' WHERE `ai` = 2" (applied to [last_seen, settings] columns)
[2026/06/24 08:05:39]: §3[nLogin] [DEBUG] [SQLite] [UPDATE]: "UPDATE `nlogin` SET `last_name` = 'JustDan12', `unique_id` = 095db01195a83a068fb1534e8c441c8c,  `mojang_id` = null,  `bedrock_id` = null,  `password` = '$2a$10$zlU2SCGZs5TILB8WKNyupOakyeknYKFHtamDTnuLNyG5eA/pHHO/S', `last_ip` = '0:0:0:0:0:0:0:1', `creation_date` = 2026-06-23 08:54:29.382, `last_seen` = 2026-06-24 08:05:39.281, `email` = null, `discord` = null, `settings` = '{"settings":[{"value":"auth","key":"last-server"},{"value":"en","key":"language"}],"version":0}' WHERE `ai` = 5" (applied to [last_seen, settings] columns)
[2026/06/24 08:05:43]: §3[nLogin] [DEBUG] [SQLite] [UPDATE]: "UPDATE `nlogin` SET `last_name` = 'EntityZ096x', `unique_id` = 2ee83cb0186f329dbb3e2dd2a293057c,  `mojang_id` = null,  `bedrock_id` = null,  `password` = '$2a$10$hANg6QPwBYB164nUUdYSvunfF8/XDpOWG6r7AEV5YiO37Z1UaxmzG', `last_ip` = '0:0:0:0:0:0:0:1', `creation_date` = 2026-06-22 12:40:57.688, `last_seen` = 2026-06-24 08:05:43.329, `email` = null, `discord` = null, `settings` = '{"settings":[{"value":"auth","key":"last-server"},{"value":"en","key":"language"}],"version":0}' WHERE `ai` = 2" (applied to [last_ip, last_seen, settings] columns)
[2026/06/24 08:05:43]: [nLogin] The user EntityZ096x has successfully logged in.
[2026/06/24 08:05:45]: §3[nLogin] [DEBUG] [SQLite] [UPDATE]: "UPDATE `nlogin` SET `last_name` = 'JustDan12', `unique_id` = 095db01195a83a068fb1534e8c441c8c,  `mojang_id` = null,  `bedrock_id` = null,  `password` = '$2a$10$zlU2SCGZs5TILB8WKNyupOakyeknYKFHtamDTnuLNyG5eA/pHHO/S', `last_ip` = '0:0:0:0:0:0:0:1', `creation_date` = 2026-06-23 08:54:29.382, `last_seen` = 2026-06-24 08:05:45.788, `email` = null, `discord` = null, `settings` = '{"settings":[{"value":"auth","key":"last-server"},{"value":"en","key":"language"}],"version":0}' WHERE `ai` = 5" (applied to [last_ip, last_seen, settings] columns)
[2026/06/24 08:05:45]: [nLogin] The user JustDan12 has successfully logged in.
[2026/06/24 08:05:58]: §3[nLogin] [DEBUG] [SQLite] [UPDATE]: "UPDATE `nlogin` SET `last_name` = 'The_soulstealer4', `unique_id` = f161703d26813b48bfd11d80e057c727,  `mojang_id` = null,  `bedrock_id` = null,  `password` = '$2a$10$kn278zzHxrE9jA2yaCIhOeAdTKbWb1f6hZJOqDeIZcYS5LBhlOYeq', `last_ip` = '0:0:0:0:0:0:0:1', `creation_date` = 2026-06-23 07:19:25.22, `last_seen` = 2026-06-24 08:05:58.153, `email` = null, `discord` = null, `settings` = '{"settings":[{"value":"survival","key":"last-server"},{"value":"en","key":"language"}],"version":0}' WHERE `ai` = 4" (applied to [last_seen, settings] columns)
[2026/06/24 08:06:12]: §3[nLogin] [DEBUG] [SQLite] [UPDATE]: "UPDATE `nlogin` SET `last_name` = 'The_soulstealer4', `unique_id` = f161703d26813b48bfd11d80e057c727,  `mojang_id` = null,  `bedrock_id` = null,  `password` = '$2a$10$kn278zzHxrE9jA2yaCIhOeAdTKbWb1f6hZJOqDeIZcYS5LBhlOYeq', `last_ip` = '0:0:0:0:0:0:0:1', `creation_date` = 2026-06-23 07:19:25.22, `last_seen` = 2026-06-24 08:06:12.907, `email` = null, `discord` = null, `settings` = '{"settings":[{"value":"survival","key":"last-server"},{"value":"en","key":"language"}],"version":0}' WHERE `ai` = 4" (applied to [last_ip, last_seen, settings] columns)
[2026/06/24 08:06:12]: [nLogin] The user The_soulstealer4 has successfully logged in.
[2026/06/24 08:12:37]: §3[nLogin] [DEBUG] [SQLite] [UPDATE]: "UPDATE `nlogin` SET `last_name` = 'JustDan12', `unique_id` = 095db01195a83a068fb1534e8c441c8c,  `mojang_id` = null,  `bedrock_id` = null,  `password` = '$2a$10$zlU2SCGZs5TILB8WKNyupOakyeknYKFHtamDTnuLNyG5eA/pHHO/S', `last_ip` = '0:0:0:0:0:0:0:1', `creation_date` = 2026-06-23 08:54:29.382, `last_seen` = 2026-06-24 08:12:37.339, `email` = null, `discord` = null, `settings` = '{"settings":[{"value":"survival","key":"last-server"},{"value":"en","key":"language"}],"version":0}' WHERE `ai` = 5" (applied to [last_seen, settings] columns)
[2026/06/24 08:12:50]: §3[nLogin] [DEBUG] [SQLite] [UPDATE]: "UPDATE `nlogin` SET `last_name` = 'JustDan12', `unique_id` = 095db01195a83a068fb1534e8c441c8c,  `mojang_id` = null,  `bedrock_id` = null,  `password` = '$2a$10$zlU2SCGZs5TILB8WKNyupOakyeknYKFHtamDTnuLNyG5eA/pHHO/S', `last_ip` = '0:0:0:0:0:0:0:1', `creation_date` = 2026-06-23 08:54:29.382, `last_seen` = 2026-06-24 08:12:50.257, `email` = null, `discord` = null, `settings` = '{"settings":[{"value":"survival","key":"last-server"},{"value":"en","key":"language"}],"version":0}' WHERE `ai` = 5" (applied to [last_ip, last_seen, settings] columns)
[2026/06/24 08:12:50]: [nLogin] The user JustDan12 has successfully logged in.
[2026/06/24 08:20:50]: §3[nLogin] [DEBUG] [SQLite] [UPDATE]: "UPDATE `nlogin` SET `last_name` = 'JustDan12', `unique_id` = 095db01195a83a068fb1534e8c441c8c,  `mojang_id` = null,  `bedrock_id` = null,  `password` = '$2a$10$zlU2SCGZs5TILB8WKNyupOakyeknYKFHtamDTnuLNyG5eA/pHHO/S', `last_ip` = '0:0:0:0:0:0:0:1', `creation_date` = 2026-06-23 08:54:29.382, `last_seen` = 2026-06-24 08:20:50.787, `email` = null, `discord` = null, `settings` = '{"settings":[{"value":"survival","key":"last-server"},{"value":"en","key":"language"}],"version":0}' WHERE `ai` = 5" (applied to [last_seen, settings] columns)
[2026/06/24 08:21:48]: §3[nLogin] [DEBUG] [SQLite] [UPDATE]: "UPDATE `nlogin` SET `last_name` = 'EntityZ096x', `unique_id` = 2ee83cb0186f329dbb3e2dd2a293057c,  `mojang_id` = null,  `bedrock_id` = null,  `password` = '$2a$10$hANg6QPwBYB164nUUdYSvunfF8/XDpOWG6r7AEV5YiO37Z1UaxmzG', `last_ip` = '0:0:0:0:0:0:0:1', `creation_date` = 2026-06-22 12:40:57.688, `last_seen` = 2026-06-24 08:21:48.512, `email` = null, `discord` = null, `settings` = '{"settings":[{"value":"survival","key":"last-server"},{"value":"en","key":"language"}],"version":0}' WHERE `ai` = 2" (applied to [last_seen, settings] columns)
[2026/06/24 08:22:23]: §3[nLogin] [DEBUG] [SQLite] [UPDATE]: "UPDATE `nlogin` SET `last_name` = 'EntityZ096x', `unique_id` = 2ee83cb0186f329dbb3e2dd2a293057c,  `mojang_id` = null,  `bedrock_id` = null,  `password` = '$2a$10$hANg6QPwBYB164nUUdYSvunfF8/XDpOWG6r7AEV5YiO37Z1UaxmzG', `last_ip` = '0:0:0:0:0:0:0:1', `creation_date` = 2026-06-22 12:40:57.688, `last_seen` = 2026-06-24 08:22:23.532, `email` = null, `discord` = null, `settings` = '{"settings":[{"value":"survival","key":"last-server"},{"value":"en","key":"language"}],"version":0}' WHERE `ai` = 2" (applied to [last_ip, last_seen, settings] columns)
[2026/06/24 08:22:23]: [nLogin] The user EntityZ096x has successfully logged in.
[2026/06/24 08:39:09]: §3[nLogin] [DEBUG] [SQLite] [UPDATE]: "UPDATE `nlogin` SET `last_name` = 'The_soulstealer4', `unique_id` = f161703d26813b48bfd11d80e057c727,  `mojang_id` = null,  `bedrock_id` = null,  `password` = '$2a$10$kn278zzHxrE9jA2yaCIhOeAdTKbWb1f6hZJOqDeIZcYS5LBhlOYeq', `last_ip` = '0:0:0:0:0:0:0:1', `creation_date` = 2026-06-23 07:19:25.22, `last_seen` = 2026-06-24 08:39:08.998, `email` = null, `discord` = null, `settings` = '{"settings":[{"value":"auth","key":"last-server"},{"value":"en","key":"language"}],"version":0}' WHERE `ai` = 4" (applied to [last_seen, settings] columns)
[2026/06/24 08:40:31]: §3[nLogin] [DEBUG] [SQLite] [UPDATE]: "UPDATE `nlogin` SET `last_name` = 'EntityZ096x', `unique_id` = 2ee83cb0186f329dbb3e2dd2a293057c,  `mojang_id` = null,  `bedrock_id` = null,  `password` = '$2a$10$hANg6QPwBYB164nUUdYSvunfF8/XDpOWG6r7AEV5YiO37Z1UaxmzG', `last_ip` = '0:0:0:0:0:0:0:1', `creation_date` = 2026-06-22 12:40:57.688, `last_seen` = 2026-06-24 08:40:31.518, `email` = null, `discord` = null, `settings` = '{"settings":[{"value":"auth","key":"last-server"},{"value":"en","key":"language"}],"version":0}' WHERE `ai` = 2" (applied to [last_seen, settings] columns)
[2026/06/24 08:40:37]: §3[nLogin] [DEBUG] The EntityZ096x (0:0:0:0:0:0:0:1) player entered an incorrect password
[2026/06/24 08:40:42]: §3[nLogin] [DEBUG] [SQLite] [UPDATE]: "UPDATE `nlogin` SET `last_name` = 'EntityZ096x', `unique_id` = 2ee83cb0186f329dbb3e2dd2a293057c,  `mojang_id` = null,  `bedrock_id` = null,  `password` = '$2a$10$hANg6QPwBYB164nUUdYSvunfF8/XDpOWG6r7AEV5YiO37Z1UaxmzG', `last_ip` = '0:0:0:0:0:0:0:1', `creation_date` = 2026-06-22 12:40:57.688, `last_seen` = 2026-06-24 08:40:42.976, `email` = null, `discord` = null, `settings` = '{"settings":[{"value":"auth","key":"last-server"},{"value":"en","key":"language"}],"version":0}' WHERE `ai` = 2" (applied to [last_ip, last_seen, settings] columns)
[2026/06/24 08:40:42]: [nLogin] The user EntityZ096x has successfully logged in.
[2026/06/24 08:40:47]: §3[nLogin] [DEBUG] [SQLite] [UPDATE]: "UPDATE `nlogin` SET `last_name` = 'The_soulstealer4', `unique_id` = f161703d26813b48bfd11d80e057c727,  `mojang_id` = null,  `bedrock_id` = null,  `password` = '$2a$10$kn278zzHxrE9jA2yaCIhOeAdTKbWb1f6hZJOqDeIZcYS5LBhlOYeq', `last_ip` = '0:0:0:0:0:0:0:1', `creation_date` = 2026-06-23 07:19:25.22, `last_seen` = 2026-06-24 08:40:47.091, `email` = null, `discord` = null, `settings` = '{"settings":[{"value":"auth","key":"last-server"},{"value":"en","key":"language"}],"version":0}' WHERE `ai` = 4" (applied to [last_ip, last_seen, settings] columns)
[2026/06/24 08:40:47]: [nLogin] The user The_soulstealer4 has successfully logged in.
[2026/06/24 08:42:25]: §3[nLogin] [DEBUG] [SQLite] [UPDATE]: "UPDATE `nlogin` SET `last_name` = 'The_soulstealer4', `unique_id` = f161703d26813b48bfd11d80e057c727,  `mojang_id` = null,  `bedrock_id` = null,  `password` = '$2a$10$kn278zzHxrE9jA2yaCIhOeAdTKbWb1f6hZJOqDeIZcYS5LBhlOYeq', `last_ip` = '0:0:0:0:0:0:0:1', `creation_date` = 2026-06-23 07:19:25.22, `last_seen` = 2026-06-24 08:42:25.787, `email` = null, `discord` = null, `settings` = '{"settings":[{"value":"survival","key":"last-server"},{"value":"en","key":"language"}],"version":0}' WHERE `ai` = 4" (applied to [last_seen, settings] columns)
[2026/06/24 08:42:32]: §3[nLogin] [DEBUG] [SQLite] [UPDATE]: "UPDATE `nlogin` SET `last_name` = 'The_soulstealer4', `unique_id` = f161703d26813b48bfd11d80e057c727,  `mojang_id` = null,  `bedrock_id` = null,  `password` = '$2a$10$kn278zzHxrE9jA2yaCIhOeAdTKbWb1f6hZJOqDeIZcYS5LBhlOYeq', `last_ip` = '0:0:0:0:0:0:0:1', `creation_date` = 2026-06-23 07:19:25.22, `last_seen` = 2026-06-24 08:42:32.562, `email` = null, `discord` = null, `settings` = '{"settings":[{"value":"survival","key":"last-server"},{"value":"en","key":"language"}],"version":0}' WHERE `ai` = 4" (applied to [last_ip, last_seen, settings] columns)
[2026/06/24 08:42:32]: [nLogin] The user The_soulstealer4 has successfully logged in.
[2026/06/24 08:42:49]: §3[nLogin] [DEBUG] [SQLite] [UPDATE]: "UPDATE `nlogin` SET `last_name` = 'EntityZ096x', `unique_id` = 2ee83cb0186f329dbb3e2dd2a293057c,  `mojang_id` = null,  `bedrock_id` = null,  `password` = '$2a$10$hANg6QPwBYB164nUUdYSvunfF8/XDpOWG6r7AEV5YiO37Z1UaxmzG', `last_ip` = '0:0:0:0:0:0:0:1', `creation_date` = 2026-06-22 12:40:57.688, `last_seen` = 2026-06-24 08:42:49.681, `email` = null, `discord` = null, `settings` = '{"settings":[{"value":"survival","key":"last-server"},{"value":"en","key":"language"}],"version":0}' WHERE `ai` = 2" (applied to [last_seen, settings] columns)
[2026/06/24 08:42:58]: §3[nLogin] [DEBUG] [SQLite] [UPDATE]: "UPDATE `nlogin` SET `last_name` = 'EntityZ096x', `unique_id` = 2ee83cb0186f329dbb3e2dd2a293057c,  `mojang_id` = null,  `bedrock_id` = null,  `password` = '$2a$10$hANg6QPwBYB164nUUdYSvunfF8/XDpOWG6r7AEV5YiO37Z1UaxmzG', `last_ip` = '0:0:0:0:0:0:0:1', `creation_date` = 2026-06-22 12:40:57.688, `last_seen` = 2026-06-24 08:42:58.974, `email` = null, `discord` = null, `settings` = '{"settings":[{"value":"survival","key":"last-server"},{"value":"en","key":"language"}],"version":0}' WHERE `ai` = 2" (applied to [last_ip, last_seen, settings] columns)
[2026/06/24 08:42:58]: [nLogin] The user EntityZ096x has successfully logged in.
[2026/06/24 08:45:15]: §3[nLogin] [DEBUG] [SQLite] [UPDATE]: "UPDATE `nlogin` SET `last_name` = 'JustDan12', `unique_id` = 095db01195a83a068fb1534e8c441c8c,  `mojang_id` = null,  `bedrock_id` = null,  `password` = '$2a$10$zlU2SCGZs5TILB8WKNyupOakyeknYKFHtamDTnuLNyG5eA/pHHO/S', `last_ip` = '0:0:0:0:0:0:0:1', `creation_date` = 2026-06-23 08:54:29.382, `last_seen` = 2026-06-24 08:45:15.296, `email` = null, `discord` = null, `settings` = '{"settings":[{"value":"survival","key":"last-server"},{"value":"en","key":"language"}],"version":0}' WHERE `ai` = 5" (applied to [last_ip, last_seen, settings] columns)
[2026/06/24 08:45:15]: [nLogin] The user JustDan12 has successfully logged in.
[2026/06/24 08:49:09]: §3[nLogin] [DEBUG] [SQLite] [UPDATE]: "UPDATE `nlogin` SET `last_name` = 'JustDan12', `unique_id` = 095db01195a83a068fb1534e8c441c8c,  `mojang_id` = null,  `bedrock_id` = null,  `password` = '$2a$10$zlU2SCGZs5TILB8WKNyupOakyeknYKFHtamDTnuLNyG5eA/pHHO/S', `last_ip` = '0:0:0:0:0:0:0:1', `creation_date` = 2026-06-23 08:54:29.382, `last_seen` = 2026-06-24 08:49:09.387, `email` = null, `discord` = null, `settings` = '{"settings":[{"value":"survival","key":"last-server"},{"value":"en","key":"language"}],"version":0}' WHERE `ai` = 5" (applied to [last_seen, settings] columns)
[2026/06/24 08:51:40]: §3[nLogin] [DEBUG] [SQLite] [UPDATE]: "UPDATE `nlogin` SET `last_name` = 'EntityZ096x', `unique_id` = 2ee83cb0186f329dbb3e2dd2a293057c,  `mojang_id` = null,  `bedrock_id` = null,  `password` = '$2a$10$hANg6QPwBYB164nUUdYSvunfF8/XDpOWG6r7AEV5YiO37Z1UaxmzG', `last_ip` = '0:0:0:0:0:0:0:1', `creation_date` = 2026-06-22 12:40:57.688, `last_seen` = 2026-06-24 08:51:40.581, `email` = null, `discord` = null, `settings` = '{"settings":[{"value":"survival","key":"last-server"},{"value":"en","key":"language"}],"version":0}' WHERE `ai` = 2" (applied to [last_seen, settings] columns)
[2026/06/24 08:53:06]: §3[nLogin] [DEBUG] [SQLite] [UPDATE]: "UPDATE `nlogin` SET `last_name` = 'The_soulstealer4', `unique_id` = f161703d26813b48bfd11d80e057c727,  `mojang_id` = null,  `bedrock_id` = null,  `password` = '$2a$10$kn278zzHxrE9jA2yaCIhOeAdTKbWb1f6hZJOqDeIZcYS5LBhlOYeq', `last_ip` = '0:0:0:0:0:0:0:1', `creation_date` = 2026-06-23 07:19:25.22, `last_seen` = 2026-06-24 08:53:06.595, `email` = null, `discord` = null, `settings` = '{"settings":[{"value":"survival","key":"last-server"},{"value":"en","key":"language"}],"version":0}' WHERE `ai` = 4" (applied to [last_seen, settings] columns)
[2026/06/24 08:53:14]: §3[nLogin] [DEBUG] [SQLite] [UPDATE]: "UPDATE `nlogin` SET `last_name` = 'The_soulstealer4', `unique_id` = f161703d26813b48bfd11d80e057c727,  `mojang_id` = null,  `bedrock_id` = null,  `password` = '$2a$10$kn278zzHxrE9jA2yaCIhOeAdTKbWb1f6hZJOqDeIZcYS5LBhlOYeq', `last_ip` = '0:0:0:0:0:0:0:1', `creation_date` = 2026-06-23 07:19:25.22, `last_seen` = 2026-06-24 08:53:14.917, `email` = null, `discord` = null, `settings` = '{"settings":[{"value":"survival","key":"last-server"},{"value":"en","key":"language"}],"version":0}' WHERE `ai` = 4" (applied to [last_ip, last_seen, settings] columns)
[2026/06/24 08:53:14]: [nLogin] The user The_soulstealer4 has successfully logged in.
[2026/06/24 08:53:21]: §3[nLogin] [DEBUG] [SQLite] [UPDATE]: "UPDATE `nlogin` SET `last_name` = 'The_soulstealer4', `unique_id` = f161703d26813b48bfd11d80e057c727,  `mojang_id` = null,  `bedrock_id` = null,  `password` = '$2a$10$kn278zzHxrE9jA2yaCIhOeAdTKbWb1f6hZJOqDeIZcYS5LBhlOYeq', `last_ip` = '0:0:0:0:0:0:0:1', `creation_date` = 2026-06-23 07:19:25.22, `last_seen` = 2026-06-24 08:53:21.916, `email` = null, `discord` = null, `settings` = '{"settings":[{"value":"survival","key":"last-server"},{"value":"en","key":"language"}],"version":0}' WHERE `ai` = 4" (applied to [last_seen, settings] columns)
[2026/06/24 09:30:40]: §3[nLogin] [DEBUG] [SQLite] [UPDATE]: "UPDATE `nlogin` SET `last_name` = 'EntityZ096x', `unique_id` = 2ee83cb0186f329dbb3e2dd2a293057c,  `mojang_id` = null,  `bedrock_id` = null,  `password` = '$2a$10$hANg6QPwBYB164nUUdYSvunfF8/XDpOWG6r7AEV5YiO37Z1UaxmzG', `last_ip` = '0:0:0:0:0:0:0:1', `creation_date` = 2026-06-22 12:40:57.688, `last_seen` = 2026-06-24 09:30:40.728, `email` = null, `discord` = null, `settings` = '{"settings":[{"value":"survival","key":"last-server"},{"value":"en","key":"language"}],"version":0}' WHERE `ai` = 2" (applied to [last_ip, last_seen, settings] columns)
[2026/06/24 09:30:40]: [nLogin] The user EntityZ096x has successfully logged in.
[2026/06/24 09:31:40]: §3[nLogin] [DEBUG] [SQLite] [UPDATE]: "INSERT INTO `nlogin` (`last_name`, `unique_id`, `mojang_id`, `bedrock_id`, `password`, `last_ip`, `creation_date`, `last_seen`, `email`, `discord`, `settings`) VALUES ('234565432', fa700949a33838089fd3a56c331cb6cb, null, null, '$2a$10$fr9dYyqm8zq817lGpTXYYe2E5lI6ZF4YhfFmFisCPJMI4cLX7W2Yu', '0:0:0:0:0:0:0:1', '2026-06-24 09:31:39.89', '2026-06-24 09:31:39.89', null, null, '{"settings":[{"value":true,"key":"force-invalid-session"}],"version":0}')" (applied to all columns)
[2026/06/24 09:31:40]: [nLogin] The user 234565432 has successfully registered.
[2026/06/24 09:54:22]: §3[nLogin] [DEBUG] [SQLite] [UPDATE]: "UPDATE `nlogin` SET `last_name` = '234565432', `unique_id` = fa700949a33838089fd3a56c331cb6cb,  `mojang_id` = null,  `bedrock_id` = null,  `password` = '$2a$10$fr9dYyqm8zq817lGpTXYYe2E5lI6ZF4YhfFmFisCPJMI4cLX7W2Yu', `last_ip` = '0:0:0:0:0:0:0:1', `creation_date` = 2026-06-24 09:31:39.89, `last_seen` = 2026-06-24 09:54:22.52, `email` = null, `discord` = null, `settings` = '{"settings":[{"value":true,"key":"force-invalid-session"},{"value":"survival","key":"last-server"},{"value":"en","key":"language"}],"version":0}' WHERE `ai` = 8" (applied to [last_seen, settings] columns)
[2026/06/24 09:54:43]: §3[nLogin] [DEBUG] [SQLite] [UPDATE]: "UPDATE `nlogin` SET `last_name` = '234565432', `unique_id` = fa700949a33838089fd3a56c331cb6cb,  `mojang_id` = null,  `bedrock_id` = null,  `password` = '$2a$10$fr9dYyqm8zq817lGpTXYYe2E5lI6ZF4YhfFmFisCPJMI4cLX7W2Yu', `last_ip` = '0:0:0:0:0:0:0:1', `creation_date` = 2026-06-24 09:31:39.89, `last_seen` = 2026-06-24 09:54:43.244, `email` = null, `discord` = null, `settings` = '{"settings":[{"value":"survival","key":"last-server"},{"value":"en","key":"language"}],"version":0}' WHERE `ai` = 8" (applied to [last_ip, last_seen, settings] columns)
[2026/06/24 09:54:43]: [nLogin] The user 234565432 has successfully logged in.
[2026/06/24 09:55:13]: §3[nLogin] [DEBUG] [SQLite] [UPDATE]: "UPDATE `nlogin` SET `last_name` = '234565432', `unique_id` = fa700949a33838089fd3a56c331cb6cb,  `mojang_id` = null,  `bedrock_id` = null,  `password` = '$2a$10$fr9dYyqm8zq817lGpTXYYe2E5lI6ZF4YhfFmFisCPJMI4cLX7W2Yu', `last_ip` = '0:0:0:0:0:0:0:1', `creation_date` = 2026-06-24 09:31:39.89, `last_seen` = 2026-06-24 09:55:13.013, `email` = null, `discord` = null, `settings` = '{"settings":[{"value":"survival","key":"last-server"},{"value":"en","key":"language"}],"version":0}' WHERE `ai` = 8" (applied to [last_seen, settings] columns)
[2026/06/24 09:55:17]: §3[nLogin] [DEBUG] [SQLite] [UPDATE]: "UPDATE `nlogin` SET `last_name` = 'EntityZ096x', `unique_id` = 2ee83cb0186f329dbb3e2dd2a293057c,  `mojang_id` = null,  `bedrock_id` = null,  `password` = '$2a$10$hANg6QPwBYB164nUUdYSvunfF8/XDpOWG6r7AEV5YiO37Z1UaxmzG', `last_ip` = '0:0:0:0:0:0:0:1', `creation_date` = 2026-06-22 12:40:57.688, `last_seen` = 2026-06-24 09:55:17.606, `email` = null, `discord` = null, `settings` = '{"settings":[{"value":"survival","key":"last-server"},{"value":"en","key":"language"}],"version":0}' WHERE `ai` = 2" (applied to [last_seen, settings] columns)
