[2026/06/27 11:19:12]: §9          __             _       
[2026/06/27 11:19:12]: §9  _ __   / /  ___   __ _(_)_ __  
[2026/06/27 11:19:12]: §9 | '_ \ / /  / _ \ / _` | | '_ \ 
[2026/06/27 11:19:12]: §9 | | | / /__| (_) | (_| | | | | |
[2026/06/27 11:19:12]: §9 |_| |_\____/\___/ \__, |_|_| |_|
[2026/06/27 11:19:12]: §9                  |___/            
[2026/06/27 11:19:12]: §9 By: www.nickuc.com - V 10.4.27
[2026/06/27 11:19:12]: §9 
[2026/06/27 11:19:12]: §3[nLogin] [DEBUG] All settings were loaded in 338 ms.
[2026/06/27 11:19:12]: §3[nLogin] [DEBUG] Loading the messages_en.yml message file...
[2026/06/27 11:19:12]: §3[nLogin] [DEBUG] All plugin messages were loaded in 77 ms (languageByClient=false).
[2026/06/27 11:19:12]: §3[nLogin] [DEBUG] All proxy settings were loaded in 17 ms.
[2026/06/27 11:19:12]: §3[nLogin] [DEBUG] Loading database...
[2026/06/27 11:19:13]: §3[nLogin] [DEBUG] Starting logger filter...
[2026/06/27 11:19:18]: 
[2026/06/27 11:19:18]:  §bThank you so much for choosing nLogin! §4<3
[2026/06/27 11:19:18]: 
[2026/06/27 11:19:18]:  §4For your safety, please read the message below:
[2026/06/27 11:19:18]:   §cNever download nLogin from unknown sources.
[2026/06/27 11:19:18]:   §cA modified version may contain malicious software.
[2026/06/27 11:19:18]: 
[2026/06/27 11:19:18]:  §3Trusted sources:
[2026/06/27 11:19:18]:   §bwww.nickuc.com
[2026/06/27 11:19:18]:   §bwww.github.com/nickuc
[2026/06/27 11:19:18]:   §bOpeNLogin installer (from Spigot or GitHub)
[2026/06/27 11:19:18]: 
[2026/06/27 11:19:18]:  §3Official support channels:
[2026/06/27 11:19:18]:   §bDiscord group: §fwww.nickuc.com/discord
[2026/06/27 11:19:18]:   §bDocumentation: §fdocs.nickuc.com/nlogin/
[2026/06/27 11:19:18]:   §bEmail: §fsupport@nickuc.com
[2026/06/27 11:19:18]:   §bYouTube: §fyoutube.com/nickuc
[2026/06/27 11:19:18]: 
[2026/06/27 11:19:18]:  §eTo remove this warning, log in with "nlogin.admin" permission on the server
[2026/06/27 11:19:18]:  §eand click the "Setup plugin" button to configure your plugin.
[2026/06/27 11:19:18]: 
[2026/06/27 11:20:30]: [nLogin] Successful plugin core shutdown (took 0.01s)
