[2026/06/27 11:20:38]: §9          __             _       
[2026/06/27 11:20:38]: §9  _ __   / /  ___   __ _(_)_ __  
[2026/06/27 11:20:38]: §9 | '_ \ / /  / _ \ / _` | | '_ \ 
[2026/06/27 11:20:38]: §9 | | | / /__| (_) | (_| | | | | |
[2026/06/27 11:20:38]: §9 |_| |_\____/\___/ \__, |_|_| |_|
[2026/06/27 11:20:38]: §9                  |___/            
[2026/06/27 11:20:38]: §9 By: www.nickuc.com - V 10.4.27
[2026/06/27 11:20:38]: §9 
[2026/06/27 11:20:38]: §3[nLogin] [DEBUG] All settings were loaded in 325 ms.
[2026/06/27 11:20:39]: §3[nLogin] [DEBUG] Loading the messages_en.yml message file...
[2026/06/27 11:20:39]: §3[nLogin] [DEBUG] All plugin messages were loaded in 312 ms (languageByClient=false).
[2026/06/27 11:20:39]: §3[nLogin] [DEBUG] All proxy settings were loaded in 39 ms.
[2026/06/27 11:20:39]: §3[nLogin] [DEBUG] Loading database...
[2026/06/27 11:20:39]: §3[nLogin] [DEBUG] Starting logger filter...
[2026/06/27 11:20:44]: 
[2026/06/27 11:20:44]:  §bThank you so much for choosing nLogin! §4<3
[2026/06/27 11:20:44]: 
[2026/06/27 11:20:44]:  §4For your safety, please read the message below:
[2026/06/27 11:20:44]:   §cNever download nLogin from unknown sources.
[2026/06/27 11:20:44]:   §cA modified version may contain malicious software.
[2026/06/27 11:20:44]: 
[2026/06/27 11:20:44]:  §3Trusted sources:
[2026/06/27 11:20:44]:   §bwww.nickuc.com
[2026/06/27 11:20:45]:   §bwww.github.com/nickuc
[2026/06/27 11:20:45]:   §bOpeNLogin installer (from Spigot or GitHub)
[2026/06/27 11:20:45]: 
[2026/06/27 11:20:45]:  §3Official support channels:
[2026/06/27 11:20:45]:   §bDiscord group: §fwww.nickuc.com/discord
[2026/06/27 11:20:45]:   §bDocumentation: §fdocs.nickuc.com/nlogin/
[2026/06/27 11:20:45]:   §bEmail: §fsupport@nickuc.com
[2026/06/27 11:20:45]:   §bYouTube: §fyoutube.com/nickuc
[2026/06/27 11:20:45]: 
[2026/06/27 11:20:45]:  §eTo remove this warning, log in with "nlogin.admin" permission on the server
[2026/06/27 11:20:45]:  §eand click the "Setup plugin" button to configure your plugin.
[2026/06/27 11:20:45]: 
[2026/06/27 11:21:05]: §3[nLogin] [DEBUG] [SQLite] [UPDATE]: "UPDATE `nlogin` SET `last_name` = 'EntityZ096x', `unique_id` = 2ee83cb0186f329dbb3e2dd2a293057c,  `mojang_id` = null,  `bedrock_id` = null,  `password` = '$2a$10$hANg6QPwBYB164nUUdYSvunfF8/XDpOWG6r7AEV5YiO37Z1UaxmzG', `last_ip` = '0:0:0:0:0:0:0:1', `creation_date` = 2026-06-22 12:40:57.688, `last_seen` = 2026-06-27 11:21:05.701, `email` = null, `discord` = null, `settings` = '{"settings":[{"value":"survival","key":"last-server"},{"value":"en","key":"language"}],"version":0}' WHERE `ai` = 2" (applied to [last_ip, last_seen, settings] columns)
[2026/06/27 11:21:05]: [nLogin] The user EntityZ096x has successfully logged in.
[2026/06/27 11:21:46]: §3[nLogin] [DEBUG] [SQLite] [UPDATE]: "UPDATE `nlogin` SET `last_name` = 'EntityZ096x', `unique_id` = 2ee83cb0186f329dbb3e2dd2a293057c,  `mojang_id` = null,  `bedrock_id` = null,  `password` = '$2a$10$hANg6QPwBYB164nUUdYSvunfF8/XDpOWG6r7AEV5YiO37Z1UaxmzG', `last_ip` = '0:0:0:0:0:0:0:1', `creation_date` = 2026-06-22 12:40:57.688, `last_seen` = 2026-06-27 11:21:46.565, `email` = null, `discord` = null, `settings` = '{"settings":[{"value":"survival","key":"last-server"},{"value":"en","key":"language"}],"version":0}' WHERE `ai` = 2" (applied to [last_seen, settings] columns)
[2026/06/27 11:21:51]: §3[nLogin] [DEBUG] [SQLite] [UPDATE]: "UPDATE `nlogin` SET `last_name` = 'EntityZ096x', `unique_id` = 2ee83cb0186f329dbb3e2dd2a293057c,  `mojang_id` = null,  `bedrock_id` = null,  `password` = '$2a$10$hANg6QPwBYB164nUUdYSvunfF8/XDpOWG6r7AEV5YiO37Z1UaxmzG', `last_ip` = '0:0:0:0:0:0:0:1', `creation_date` = 2026-06-22 12:40:57.688, `last_seen` = 2026-06-27 11:21:51.913, `email` = null, `discord` = null, `settings` = '{"settings":[{"value":"survival","key":"last-server"},{"value":"en","key":"language"}],"version":0}' WHERE `ai` = 2" (applied to [last_ip, last_seen, settings] columns)
[2026/06/27 11:21:51]: [nLogin] The user EntityZ096x has successfully logged in.
[2026/06/27 12:05:53]: §3[nLogin] [DEBUG] [SQLite] [UPDATE]: "UPDATE `nlogin` SET `last_name` = 'EntityZ096x', `unique_id` = 2ee83cb0186f329dbb3e2dd2a293057c,  `mojang_id` = null,  `bedrock_id` = null,  `password` = '$2a$10$hANg6QPwBYB164nUUdYSvunfF8/XDpOWG6r7AEV5YiO37Z1UaxmzG', `last_ip` = '0:0:0:0:0:0:0:1', `creation_date` = 2026-06-22 12:40:57.688, `last_seen` = 2026-06-27 12:05:53.635, `email` = null, `discord` = null, `settings` = '{"settings":[{"value":"survival","key":"last-server"},{"value":"en","key":"language"}],"version":0}' WHERE `ai` = 2" (applied to [last_seen, settings] columns)
[2026/06/27 12:24:11]: §3[nLogin] [DEBUG] [SQLite] [UPDATE]: "UPDATE `nlogin` SET `last_name` = 'EntityZ096x', `unique_id` = 2ee83cb0186f329dbb3e2dd2a293057c,  `mojang_id` = null,  `bedrock_id` = null,  `password` = '$2a$10$hANg6QPwBYB164nUUdYSvunfF8/XDpOWG6r7AEV5YiO37Z1UaxmzG', `last_ip` = '0:0:0:0:0:0:0:1', `creation_date` = 2026-06-22 12:40:57.688, `last_seen` = 2026-06-27 12:24:11.071, `email` = null, `discord` = null, `settings` = '{"settings":[{"value":"survival","key":"last-server"},{"value":"en","key":"language"}],"version":0}' WHERE `ai` = 2" (applied to [last_ip, last_seen, settings] columns)
[2026/06/27 12:24:11]: [nLogin] The user EntityZ096x has successfully logged in.
[2026/06/27 12:35:07]: §3[nLogin] [DEBUG] [SQLite] [UPDATE]: "UPDATE `nlogin` SET `last_name` = 'EntityZ096x', `unique_id` = 2ee83cb0186f329dbb3e2dd2a293057c,  `mojang_id` = null,  `bedrock_id` = null,  `password` = '$2a$10$hANg6QPwBYB164nUUdYSvunfF8/XDpOWG6r7AEV5YiO37Z1UaxmzG', `last_ip` = '0:0:0:0:0:0:0:1', `creation_date` = 2026-06-22 12:40:57.688, `last_seen` = 2026-06-27 12:35:07.05, `email` = null, `discord` = null, `settings` = '{"settings":[{"value":"survival","key":"last-server"},{"value":"en","key":"language"}],"version":0}' WHERE `ai` = 2" (applied to [last_seen, settings] columns)
[2026/06/27 12:35:50]: §3[nLogin] [DEBUG] [SQLite] [UPDATE]: "UPDATE `nlogin` SET `last_name` = 'EntityZ096x', `unique_id` = 2ee83cb0186f329dbb3e2dd2a293057c,  `mojang_id` = null,  `bedrock_id` = null,  `password` = '$2a$10$hANg6QPwBYB164nUUdYSvunfF8/XDpOWG6r7AEV5YiO37Z1UaxmzG', `last_ip` = '0:0:0:0:0:0:0:1', `creation_date` = 2026-06-22 12:40:57.688, `last_seen` = 2026-06-27 12:35:50.991, `email` = null, `discord` = null, `settings` = '{"settings":[{"value":"survival","key":"last-server"},{"value":"en","key":"language"}],"version":0}' WHERE `ai` = 2" (applied to [last_ip, last_seen, settings] columns)
[2026/06/27 12:35:50]: [nLogin] The user EntityZ096x has successfully logged in.
[2026/06/27 12:36:00]: §3[nLogin] [DEBUG] [SQLite] [UPDATE]: "UPDATE `nlogin` SET `last_name` = 'EntityZ096x', `unique_id` = 2ee83cb0186f329dbb3e2dd2a293057c,  `mojang_id` = null,  `bedrock_id` = null,  `password` = '$2a$10$hANg6QPwBYB164nUUdYSvunfF8/XDpOWG6r7AEV5YiO37Z1UaxmzG', `last_ip` = '0:0:0:0:0:0:0:1', `creation_date` = 2026-06-22 12:40:57.688, `last_seen` = 2026-06-27 12:36:00.397, `email` = null, `discord` = null, `settings` = '{"settings":[{"value":"survival","key":"last-server"},{"value":"en","key":"language"}],"version":0}' WHERE `ai` = 2" (applied to [last_seen, settings] columns)
[2026/06/27 12:36:05]: §3[nLogin] [DEBUG] [SQLite] [UPDATE]: "UPDATE `nlogin` SET `last_name` = 'EntityZ096x', `unique_id` = 2ee83cb0186f329dbb3e2dd2a293057c,  `mojang_id` = null,  `bedrock_id` = null,  `password` = '$2a$10$hANg6QPwBYB164nUUdYSvunfF8/XDpOWG6r7AEV5YiO37Z1UaxmzG', `last_ip` = '0:0:0:0:0:0:0:1', `creation_date` = 2026-06-22 12:40:57.688, `last_seen` = 2026-06-27 12:36:05.241, `email` = null, `discord` = null, `settings` = '{"settings":[{"value":"survival","key":"last-server"},{"value":"en","key":"language"}],"version":0}' WHERE `ai` = 2" (applied to [last_ip, last_seen, settings] columns)
[2026/06/27 12:36:05]: [nLogin] The user EntityZ096x has successfully logged in.
[2026/06/27 12:36:54]: §3[nLogin] [DEBUG] [SQLite] [UPDATE]: "UPDATE `nlogin` SET `last_name` = 'EntityZ096x', `unique_id` = 2ee83cb0186f329dbb3e2dd2a293057c,  `mojang_id` = null,  `bedrock_id` = null,  `password` = '$2a$10$hANg6QPwBYB164nUUdYSvunfF8/XDpOWG6r7AEV5YiO37Z1UaxmzG', `last_ip` = '0:0:0:0:0:0:0:1', `creation_date` = 2026-06-22 12:40:57.688, `last_seen` = 2026-06-27 12:36:54.653, `email` = null, `discord` = null, `settings` = '{"settings":[{"value":"survival","key":"last-server"},{"value":"en","key":"language"}],"version":0}' WHERE `ai` = 2" (applied to [last_seen, settings] columns)
[2026/06/27 12:36:58]: §3[nLogin] [DEBUG] [SQLite] [UPDATE]: "UPDATE `nlogin` SET `last_name` = 'EntityZ096x', `unique_id` = 2ee83cb0186f329dbb3e2dd2a293057c,  `mojang_id` = null,  `bedrock_id` = null,  `password` = '$2a$10$hANg6QPwBYB164nUUdYSvunfF8/XDpOWG6r7AEV5YiO37Z1UaxmzG', `last_ip` = '0:0:0:0:0:0:0:1', `creation_date` = 2026-06-22 12:40:57.688, `last_seen` = 2026-06-27 12:36:58.475, `email` = null, `discord` = null, `settings` = '{"settings":[{"value":"survival","key":"last-server"},{"value":"en","key":"language"}],"version":0}' WHERE `ai` = 2" (applied to [last_ip, last_seen, settings] columns)
[2026/06/27 12:36:58]: [nLogin] The user EntityZ096x has successfully logged in.
[2026/06/27 12:39:29]: §3[nLogin] [DEBUG] [SQLite] [UPDATE]: "UPDATE `nlogin` SET `last_name` = 'EntityZ096x', `unique_id` = 2ee83cb0186f329dbb3e2dd2a293057c,  `mojang_id` = null,  `bedrock_id` = null,  `password` = '$2a$10$hANg6QPwBYB164nUUdYSvunfF8/XDpOWG6r7AEV5YiO37Z1UaxmzG', `last_ip` = '0:0:0:0:0:0:0:1', `creation_date` = 2026-06-22 12:40:57.688, `last_seen` = 2026-06-27 12:39:29.394, `email` = null, `discord` = null, `settings` = '{"settings":[{"value":"survival","key":"last-server"},{"value":"en","key":"language"}],"version":0}' WHERE `ai` = 2" (applied to [last_seen, settings] columns)
[2026/06/27 12:51:28]: §3[nLogin] [DEBUG] [SQLite] [UPDATE]: "UPDATE `nlogin` SET `last_name` = 'EntityZ096x', `unique_id` = 2ee83cb0186f329dbb3e2dd2a293057c,  `mojang_id` = null,  `bedrock_id` = null,  `password` = '$2a$10$hANg6QPwBYB164nUUdYSvunfF8/XDpOWG6r7AEV5YiO37Z1UaxmzG', `last_ip` = '0:0:0:0:0:0:0:1', `creation_date` = 2026-06-22 12:40:57.688, `last_seen` = 2026-06-27 12:51:28.929, `email` = null, `discord` = null, `settings` = '{"settings":[{"value":"survival","key":"last-server"},{"value":"en","key":"language"}],"version":0}' WHERE `ai` = 2" (applied to [last_ip, last_seen, settings] columns)
[2026/06/27 12:51:28]: [nLogin] The user EntityZ096x has successfully logged in.
[2026/06/27 12:51:39]: §3[nLogin] [DEBUG] [SQLite] [UPDATE]: "UPDATE `nlogin` SET `last_name` = 'EntityZ096x', `unique_id` = 2ee83cb0186f329dbb3e2dd2a293057c,  `mojang_id` = null,  `bedrock_id` = null,  `password` = '$2a$10$hANg6QPwBYB164nUUdYSvunfF8/XDpOWG6r7AEV5YiO37Z1UaxmzG', `last_ip` = '0:0:0:0:0:0:0:1', `creation_date` = 2026-06-22 12:40:57.688, `last_seen` = 2026-06-27 12:51:39.759, `email` = null, `discord` = null, `settings` = '{"settings":[{"value":"survival","key":"last-server"},{"value":"en","key":"language"}],"version":0}' WHERE `ai` = 2" (applied to [last_seen, settings] columns)
[2026/06/27 12:51:43]: §3[nLogin] [DEBUG] [SQLite] [UPDATE]: "UPDATE `nlogin` SET `last_name` = 'EntityZ096x', `unique_id` = 2ee83cb0186f329dbb3e2dd2a293057c,  `mojang_id` = null,  `bedrock_id` = null,  `password` = '$2a$10$hANg6QPwBYB164nUUdYSvunfF8/XDpOWG6r7AEV5YiO37Z1UaxmzG', `last_ip` = '0:0:0:0:0:0:0:1', `creation_date` = 2026-06-22 12:40:57.688, `last_seen` = 2026-06-27 12:51:43.874, `email` = null, `discord` = null, `settings` = '{"settings":[{"value":"survival","key":"last-server"},{"value":"en","key":"language"}],"version":0}' WHERE `ai` = 2" (applied to [last_ip, last_seen, settings] columns)
[2026/06/27 12:51:43]: [nLogin] The user EntityZ096x has successfully logged in.
[2026/06/27 13:01:07]: §3[nLogin] [DEBUG] [SQLite] [UPDATE]: "UPDATE `nlogin` SET `last_name` = 'EntityZ096x', `unique_id` = 2ee83cb0186f329dbb3e2dd2a293057c,  `mojang_id` = null,  `bedrock_id` = null,  `password` = '$2a$10$hANg6QPwBYB164nUUdYSvunfF8/XDpOWG6r7AEV5YiO37Z1UaxmzG', `last_ip` = '0:0:0:0:0:0:0:1', `creation_date` = 2026-06-22 12:40:57.688, `last_seen` = 2026-06-27 13:01:07.714, `email` = null, `discord` = null, `settings` = '{"settings":[{"value":"auth","key":"last-server"},{"value":"en","key":"language"}],"version":0}' WHERE `ai` = 2" (applied to [last_seen, settings] columns)
[2026/06/27 13:03:34]: §3[nLogin] [DEBUG] [SQLite] [UPDATE]: "UPDATE `nlogin` SET `last_name` = 'EntityZ096x', `unique_id` = 2ee83cb0186f329dbb3e2dd2a293057c,  `mojang_id` = null,  `bedrock_id` = null,  `password` = '$2a$10$hANg6QPwBYB164nUUdYSvunfF8/XDpOWG6r7AEV5YiO37Z1UaxmzG', `last_ip` = '0:0:0:0:0:0:0:1', `creation_date` = 2026-06-22 12:40:57.688, `last_seen` = 2026-06-27 13:03:34.587, `email` = null, `discord` = null, `settings` = '{"settings":[{"value":"auth","key":"last-server"},{"value":"en","key":"language"}],"version":0}' WHERE `ai` = 2" (applied to [last_ip, last_seen, settings] columns)
[2026/06/27 13:03:34]: [nLogin] The user EntityZ096x has successfully logged in.
[2026/06/27 13:04:18]: §3[nLogin] [DEBUG] [SQLite] [UPDATE]: "UPDATE `nlogin` SET `last_name` = 'EntityZ096x', `unique_id` = 2ee83cb0186f329dbb3e2dd2a293057c,  `mojang_id` = null,  `bedrock_id` = null,  `password` = '$2a$10$hANg6QPwBYB164nUUdYSvunfF8/XDpOWG6r7AEV5YiO37Z1UaxmzG', `last_ip` = '0:0:0:0:0:0:0:1', `creation_date` = 2026-06-22 12:40:57.688, `last_seen` = 2026-06-27 13:04:18.975, `email` = null, `discord` = null, `settings` = '{"settings":[{"value":"survival","key":"last-server"},{"value":"en","key":"language"}],"version":0}' WHERE `ai` = 2" (applied to [last_seen, settings] columns)
[2026/06/27 13:05:03]: §3[nLogin] [DEBUG] [SQLite] [UPDATE]: "UPDATE `nlogin` SET `last_name` = 'EntityZ096x', `unique_id` = 2ee83cb0186f329dbb3e2dd2a293057c,  `mojang_id` = null,  `bedrock_id` = null,  `password` = '$2a$10$hANg6QPwBYB164nUUdYSvunfF8/XDpOWG6r7AEV5YiO37Z1UaxmzG', `last_ip` = '0:0:0:0:0:0:0:1', `creation_date` = 2026-06-22 12:40:57.688, `last_seen` = 2026-06-27 13:05:03.578, `email` = null, `discord` = null, `settings` = '{"settings":[{"value":"survival","key":"last-server"},{"value":"en","key":"language"}],"version":0}' WHERE `ai` = 2" (applied to [last_ip, last_seen, settings] columns)
[2026/06/27 13:05:03]: [nLogin] The user EntityZ096x has successfully logged in.
[2026/06/27 13:10:44]: §3[nLogin] [DEBUG] [SQLite] [UPDATE]: "UPDATE `nlogin` SET `last_name` = 'EntityZ096x', `unique_id` = 2ee83cb0186f329dbb3e2dd2a293057c,  `mojang_id` = null,  `bedrock_id` = null,  `password` = '$2a$10$hANg6QPwBYB164nUUdYSvunfF8/XDpOWG6r7AEV5YiO37Z1UaxmzG', `last_ip` = '0:0:0:0:0:0:0:1', `creation_date` = 2026-06-22 12:40:57.688, `last_seen` = 2026-06-27 13:10:44.947, `email` = null, `discord` = null, `settings` = '{"settings":[{"value":"survival","key":"last-server"},{"value":"en","key":"language"}],"version":0}' WHERE `ai` = 2" (applied to [last_seen, settings] columns)
