[12:49:21] [main/INFO] [com.velocitypowered.proxy.VelocityServer]: Booting up Velocity 3.4.0-SNAPSHOT (git-44bc15db-b512)...
[12:49:21] [main/INFO] [com.velocitypowered.proxy.VelocityServer]: Loading localizations...
[12:49:21] [main/INFO] [com.velocitypowered.proxy.network.ConnectionManager]: Connections will use epoll channels, Java compression, Java ciphers
[12:49:21] [main/WARN] [com.velocitypowered.proxy.config.VelocityConfiguration]: The proxy is running in offline mode! This is a security risk and you will NOT receive any support!
[12:49:21] [main/WARN] [com.velocitypowered.proxy.config.VelocityConfiguration]: Player info forwarding is disabled! All players will appear to be connecting from the proxy and will have offline-mode UUIDs.
[12:49:22] [main/INFO] [com.velocitypowered.proxy.config.VelocityConfiguration]: Unable to load your server-icon.png, continuing without it.
java.lang.IllegalArgumentException: Image is not 64x64 (found 183x178)
	at com.google.common.base.Preconditions.checkArgument(Preconditions.java:299) ~[server.jar:3.4.0-SNAPSHOT (git-44bc15db-b512)]
	at com.velocitypowered.api.util.Favicon.create(Favicon.java:82) ~[server.jar:3.4.0-SNAPSHOT (git-44bc15db-b512)]
	at com.velocitypowered.api.util.Favicon.create(Favicon.java:107) ~[server.jar:3.4.0-SNAPSHOT (git-44bc15db-b512)]
	at com.velocitypowered.proxy.config.VelocityConfiguration.loadFavicon(VelocityConfiguration.java:251) ~[server.jar:3.4.0-SNAPSHOT (git-44bc15db-b512)]
	at com.velocitypowered.proxy.config.VelocityConfiguration.validate(VelocityConfiguration.java:242) ~[server.jar:3.4.0-SNAPSHOT (git-44bc15db-b512)]
	at com.velocitypowered.proxy.VelocityServer.doStartupConfigLoad(VelocityServer.java:403) ~[server.jar:3.4.0-SNAPSHOT (git-44bc15db-b512)]
	at com.velocitypowered.proxy.VelocityServer.start(VelocityServer.java:289) ~[server.jar:3.4.0-SNAPSHOT (git-44bc15db-b512)]
	at com.velocitypowered.proxy.Velocity.main(Velocity.java:76) ~[server.jar:3.4.0-SNAPSHOT (git-44bc15db-b512)]
[12:49:22] [main/INFO] [com.velocitypowered.proxy.VelocityServer]: Loading plugins...
[12:49:22] [main/ERROR] [com.velocitypowered.proxy.plugin.VelocityPluginManager]: Unable to load plugin plugins/EaglerXBackendRPC.jar
com.velocitypowered.api.plugin.InvalidPluginException: The plugin file EaglerXBackendRPC.jar appears to be a Bukkit or BungeeCord plugin. Velocity does not support Bukkit or BungeeCord plugins.
	at com.velocitypowered.proxy.plugin.loader.java.JavaPluginLoader.getSerializedPluginInfo(JavaPluginLoader.java:161) ~[server.jar:3.4.0-SNAPSHOT (git-44bc15db-b512)]
	at com.velocitypowered.proxy.plugin.loader.java.JavaPluginLoader.loadCandidate(JavaPluginLoader.java:62) ~[server.jar:3.4.0-SNAPSHOT (git-44bc15db-b512)]
	at com.velocitypowered.proxy.plugin.VelocityPluginManager.loadPlugins(VelocityPluginManager.java:101) ~[server.jar:3.4.0-SNAPSHOT (git-44bc15db-b512)]
	at com.velocitypowered.proxy.VelocityServer.loadPlugins(VelocityServer.java:433) ~[server.jar:3.4.0-SNAPSHOT (git-44bc15db-b512)]
	at com.velocitypowered.proxy.VelocityServer.start(VelocityServer.java:304) ~[server.jar:3.4.0-SNAPSHOT (git-44bc15db-b512)]
	at com.velocitypowered.proxy.Velocity.main(Velocity.java:76) ~[server.jar:3.4.0-SNAPSHOT (git-44bc15db-b512)]
[12:49:28] [main/INFO] [eaglerxserver]: Loading EaglercraftXServer 1.0.7...
[12:49:28] [main/INFO] [eaglerxserver]: (Platform: Velocity)
[12:49:28] [main/INFO] [eaglerxserver]: Server Name: "EaglercraftXServer"
[12:49:29] [main/INFO] [com.velocitypowered.proxy.plugin.VelocityPluginManager]: Loaded plugin eaglerxserver 1.0.7 by lax1dude
[12:49:29] [main/INFO] [com.velocitypowered.proxy.plugin.VelocityPluginManager]: Loaded plugin eaglerweb 1.0.0 by lax1dude
[12:49:29] [main/INFO] [com.velocitypowered.proxy.plugin.VelocityPluginManager]: Loaded plugin eaglerxrewind-1-5 1.0.2 by lax1dude, ayunami2000
[12:49:33] [main/INFO] [com.velocitypowered.proxy.plugin.VelocityPluginManager]: Loaded plugin nlogin 10.4.27 by NickUC
[12:49:33] [main/INFO] [com.velocitypowered.proxy.VelocityServer]: Loaded 5 plugins
[12:49:33] [EaglercraftXServer - Task Executor #0/WARN] [com.velocitypowered.proxy.network.ConnectionManager]: The server channel initializer has been replaced by java.base/jdk.internal.reflect.DirectMethodHandleAccessor.invoke(DirectMethodHandleAccessor.java:104)
[12:49:34] [EaglercraftXServer - Task Executor #0/INFO] [eaglerxserver]: Enabling EaglercraftXServer 1.0.7...
[12:49:34] [EaglercraftXServer - Task Executor #0/INFO] [eaglerxserver]: Connecting to skin cache database "jdbc:sqlite:eagler_skins_cache.db"...
[12:49:35] [EaglercraftXServer - Task Executor #0/INFO] [eaglerxserver]: Connected to skin cache database successfully!
[12:49:35] [EaglercraftXServer - Task Executor #1/INFO] [eaglerxserver]: Reloaded certificate: /workspaces/PlasmaNetworkV21/velocity/plugins/eaglerxserver/eagcert/$dl.34268c6e7b2a2336a2821b0171d290d6dd455cba.cert
[12:49:35] [EaglercraftXServer - Task Executor #1/WARN] [eaglerxserver]: Update certificate was loaded: $dl.34268c6e7b2a2336a2821b0171d290d6dd455cba.cert
[12:49:36] [EaglercraftXServer - Task Executor #0/INFO] [eaglerweb]: Loading config files...
[12:49:36] [EaglercraftXServer - Task Executor #0/INFO] [eaglerweb]: Indexing pages, please wait...
[12:49:36] [EaglercraftXServer - Task Executor #0/INFO] [eaglerweb]: Indexed 12 pages total!
[12:49:36] [EaglercraftXServer - Task Executor #0/INFO] [eaglerxrewind-1-5]: EaglerXRewind protocol for Eaglercraft 1.5.2 has been registered
[12:49:42] [EaglercraftXServer - Task Executor #0/INFO] [nlogin]: Successful plugin core start (took 0.97s)
[12:49:42] [Netty epoll Worker #0/WARN] [eaglerxserver]: =============================================
[12:49:42] [Netty epoll Worker #0/WARN] [eaglerxserver]: =============================================
[12:49:42] [Netty epoll Worker #0/WARN] [eaglerxserver]: 
[12:49:42] [Netty epoll Worker #0/WARN] [eaglerxserver]:  Updates are available for EaglerXServer
[12:49:42] [Netty epoll Worker #0/WARN] [eaglerxserver]:  ---------------------------------------
[12:49:42] [Netty epoll Worker #0/WARN] [eaglerxserver]: 
[12:49:42] [Netty epoll Worker #0/WARN] [eaglerxserver]:    :< Active: 1.0.7
[12:49:42] [Netty epoll Worker #0/WARN] [eaglerxserver]: 
[12:49:42] [Netty epoll Worker #0/WARN] [eaglerxserver]:    :> Latest: 1.1.0
[12:49:42] [Netty epoll Worker #0/WARN] [eaglerxserver]: 
[12:49:42] [Netty epoll Worker #0/WARN] [eaglerxserver]:  https://lax1dude.net/eaglerxserver/
[12:49:42] [Netty epoll Worker #0/WARN] [eaglerxserver]:  -----------------------------------
[12:49:42] [Netty epoll Worker #0/WARN] [eaglerxserver]: 
[12:49:42] [Netty epoll Worker #0/WARN] [eaglerxserver]: =============================================
[12:49:42] [Netty epoll Worker #0/WARN] [eaglerxserver]: =============================================
[12:49:42] [EaglercraftXServer - Task Executor #0/INFO] [com.velocitypowered.proxy.console.VelocityConsole]:           __             _       
[12:49:42] [EaglercraftXServer - Task Executor #0/INFO] [com.velocitypowered.proxy.console.VelocityConsole]:   _ __   / /  ___   __ _(_)_ __  
[12:49:42] [EaglercraftXServer - Task Executor #0/INFO] [com.velocitypowered.proxy.console.VelocityConsole]:  | '_ \ / /  / _ \ / _` | | '_ \ 
[12:49:42] [EaglercraftXServer - Task Executor #0/INFO] [com.velocitypowered.proxy.console.VelocityConsole]:  | | | / /__| (_) | (_| | | | | |
[12:49:42] [EaglercraftXServer - Task Executor #0/INFO] [com.velocitypowered.proxy.console.VelocityConsole]:  |_| |_\____/\___/ \__, |_|_| |_|
[12:49:42] [EaglercraftXServer - Task Executor #0/INFO] [com.velocitypowered.proxy.console.VelocityConsole]:                   |___/            
[12:49:42] [EaglercraftXServer - Task Executor #0/INFO] [com.velocitypowered.proxy.console.VelocityConsole]:  By: www.nickuc.com - V 10.4.27
[12:49:42] [EaglercraftXServer - Task Executor #0/INFO] [com.velocitypowered.proxy.console.VelocityConsole]:  
[12:49:43] [Netty epoll Boss #0/INFO] [eaglerxserver]: Listener "listener0" injected into channel [id: 0x9ea7b1a2, L:/[0:0:0:0:0:0:0:0]:25567] successfully (Velocity method)
[12:49:43] [Netty epoll Boss #0/INFO] [com.velocitypowered.proxy.network.ConnectionManager]: Listening on /[0:0:0:0:0:0:0:0]:25567
[12:49:43] [main/INFO] [com.velocitypowered.proxy.Velocity]: Done (23.36s)!
[12:49:48] [nLogin - Task Executor #1/INFO] [com.velocitypowered.proxy.console.VelocityConsole]: 
[12:49:48] [nLogin - Task Executor #1/INFO] [com.velocitypowered.proxy.console.VelocityConsole]:  Thank you so much for choosing nLogin! <3
[12:49:48] [nLogin - Task Executor #1/INFO] [com.velocitypowered.proxy.console.VelocityConsole]: 
[12:49:48] [nLogin - Task Executor #1/INFO] [com.velocitypowered.proxy.console.VelocityConsole]:  For your safety, please read the message below:
[12:49:48] [nLogin - Task Executor #1/INFO] [com.velocitypowered.proxy.console.VelocityConsole]:   Never download nLogin from unknown sources.
[12:49:48] [nLogin - Task Executor #1/INFO] [com.velocitypowered.proxy.console.VelocityConsole]:   A modified version may contain malicious software.
[12:49:48] [nLogin - Task Executor #1/INFO] [com.velocitypowered.proxy.console.VelocityConsole]: 
[12:49:48] [nLogin - Task Executor #1/INFO] [com.velocitypowered.proxy.console.VelocityConsole]:  Trusted sources:
[12:49:48] [nLogin - Task Executor #1/INFO] [com.velocitypowered.proxy.console.VelocityConsole]:   www.nickuc.com
[12:49:48] [nLogin - Task Executor #1/INFO] [com.velocitypowered.proxy.console.VelocityConsole]:   www.github.com/nickuc
[12:49:48] [nLogin - Task Executor #1/INFO] [com.velocitypowered.proxy.console.VelocityConsole]:   OpeNLogin installer (from Spigot or GitHub)
[12:49:48] [nLogin - Task Executor #1/INFO] [com.velocitypowered.proxy.console.VelocityConsole]: 
[12:49:48] [nLogin - Task Executor #1/INFO] [com.velocitypowered.proxy.console.VelocityConsole]:  Official support channels:
[12:49:48] [nLogin - Task Executor #1/INFO] [com.velocitypowered.proxy.console.VelocityConsole]:   Discord group: www.nickuc.com/discord
[12:49:48] [nLogin - Task Executor #1/INFO] [com.velocitypowered.proxy.console.VelocityConsole]:   Documentation: docs.nickuc.com/nlogin/
[12:49:48] [nLogin - Task Executor #1/INFO] [com.velocitypowered.proxy.console.VelocityConsole]:   Email: support@nickuc.com
[12:49:48] [nLogin - Task Executor #1/INFO] [com.velocitypowered.proxy.console.VelocityConsole]:   YouTube: youtube.com/nickuc
[12:49:48] [nLogin - Task Executor #1/INFO] [com.velocitypowered.proxy.console.VelocityConsole]: 
[12:49:48] [nLogin - Task Executor #1/INFO] [com.velocitypowered.proxy.console.VelocityConsole]:  To remove this warning, log in with "nlogin.admin" permission on the server
[12:49:48] [nLogin - Task Executor #1/INFO] [com.velocitypowered.proxy.console.VelocityConsole]:  and click the "Setup plugin" button to configure your plugin.
[12:49:48] [nLogin - Task Executor #1/INFO] [com.velocitypowered.proxy.console.VelocityConsole]: 
[12:51:17] [Netty epoll Worker #2/INFO] [com.velocitypowered.proxy.connection.client.AuthSessionHandler]: [connected player] EntityZ096x (/[0:0:0:0:0:0:0:1]:47050) has connected
[12:51:17] [Netty epoll Worker #2/INFO] [com.velocitypowered.proxy.connection.MinecraftConnection]: [server connection] EntityZ096x -> auth has connected
[12:51:20] [nLogin - Task Executor #2/INFO] [nlogin]: The user EntityZ096x has successfully logged in.
[12:51:20] [Netty epoll Worker #2/INFO] [com.velocitypowered.proxy.connection.MinecraftConnection]: [server connection] EntityZ096x -> survival has connected
[12:51:25] [Netty epoll Worker #2/INFO] [com.velocitypowered.proxy.connection.MinecraftConnection]: [server connection] EntityZ096x -> auth has disconnected
[12:57:11] [Netty epoll Worker #2/INFO] [com.velocitypowered.proxy.connection.MinecraftConnection]: [connected player] EntityZ096x (/[0:0:0:0:0:0:0:1]:47050) has disconnected
[12:57:11] [Netty epoll Worker #2/INFO] [com.velocitypowered.proxy.connection.MinecraftConnection]: [server connection] EntityZ096x -> survival has disconnected
[12:57:27] [Netty epoll Worker #0/INFO] [com.velocitypowered.proxy.connection.client.AuthSessionHandler]: [connected player] EntityZ096x (/[0:0:0:0:0:0:0:1]:40642) has connected
[12:57:27] [Netty epoll Worker #0/INFO] [com.velocitypowered.proxy.connection.MinecraftConnection]: [server connection] EntityZ096x -> auth has connected
[12:57:30] [nLogin - Task Executor #4/INFO] [nlogin]: The user EntityZ096x has successfully logged in.
[12:57:31] [Netty epoll Worker #0/INFO] [com.velocitypowered.proxy.connection.MinecraftConnection]: [server connection] EntityZ096x -> survival has connected
[12:57:31] [Netty epoll Worker #0/INFO] [com.velocitypowered.proxy.connection.MinecraftConnection]: [server connection] EntityZ096x -> auth has disconnected
[13:06:53] [Netty epoll Worker #0/INFO] [com.velocitypowered.proxy.connection.client.ConnectedPlayer]: [connected player] EntityZ096x (/[0:0:0:0:0:0:0:1]:40642) has disconnected: An internal error occurred in your connection.
[13:06:53] [Netty epoll Worker #0/ERROR] [com.velocitypowered.proxy.connection.MinecraftConnection]: [connected player] EntityZ096x (/[0:0:0:0:0:0:0:1]:40642): read timed out
[13:06:53] [Netty epoll Worker #0/INFO] [com.velocitypowered.proxy.connection.MinecraftConnection]: [server connection] EntityZ096x -> survival has disconnected
[13:07:27] [Netty epoll Worker #1/INFO] [com.velocitypowered.proxy.connection.client.AuthSessionHandler]: [connected player] EntityZ096x (/[0:0:0:0:0:0:0:1]:32932) has connected
[13:07:27] [Netty epoll Worker #1/INFO] [com.velocitypowered.proxy.connection.MinecraftConnection]: [server connection] EntityZ096x -> auth has connected
[13:07:31] [nLogin - Task Executor #4/INFO] [nlogin]: The user EntityZ096x has successfully logged in.
[13:07:32] [Netty epoll Worker #1/INFO] [com.velocitypowered.proxy.connection.MinecraftConnection]: [server connection] EntityZ096x -> survival has connected
[13:07:32] [Netty epoll Worker #1/INFO] [com.velocitypowered.proxy.connection.MinecraftConnection]: [server connection] EntityZ096x -> auth has disconnected
[13:11:35] [Netty epoll Worker #1/INFO] [com.velocitypowered.proxy.connection.MinecraftConnection]: [connected player] EntityZ096x (/[0:0:0:0:0:0:0:1]:32932) has disconnected
[13:11:35] [Netty epoll Worker #1/INFO] [com.velocitypowered.proxy.connection.MinecraftConnection]: [server connection] EntityZ096x -> survival has disconnected
[13:14:18] [Netty epoll Worker #3/INFO] [com.velocitypowered.proxy.connection.client.AuthSessionHandler]: [connected player] EntityZ096x (/[0:0:0:0:0:0:0:1]:60856) has connected
[13:14:19] [Netty epoll Worker #3/INFO] [com.velocitypowered.proxy.connection.MinecraftConnection]: [server connection] EntityZ096x -> auth has connected
[13:14:23] [nLogin - Task Executor #6/INFO] [nlogin]: The user EntityZ096x has successfully logged in.
[13:14:24] [Netty epoll Worker #3/INFO] [com.velocitypowered.proxy.connection.MinecraftConnection]: [server connection] EntityZ096x -> survival has connected
[13:14:24] [Netty epoll Worker #3/INFO] [com.velocitypowered.proxy.connection.MinecraftConnection]: [server connection] EntityZ096x -> auth has disconnected
[13:16:08] [Netty epoll Worker #3/INFO] [com.velocitypowered.proxy.connection.MinecraftConnection]: [connected player] EntityZ096x (/[0:0:0:0:0:0:0:1]:60856) has disconnected
[13:16:08] [Netty epoll Worker #3/INFO] [com.velocitypowered.proxy.connection.MinecraftConnection]: [server connection] EntityZ096x -> survival has disconnected
[14:59:00] [Netty epoll Worker #2/INFO] [com.velocitypowered.proxy.connection.client.AuthSessionHandler]: [connected player] EntityZ096x (/[0:0:0:0:0:0:0:1]:56922) has connected
[14:59:01] [Netty epoll Worker #2/INFO] [com.velocitypowered.proxy.connection.MinecraftConnection]: [server connection] EntityZ096x -> auth has connected
[14:59:03] [nLogin - Task Executor #6/INFO] [nlogin]: The user EntityZ096x has successfully logged in.
[14:59:04] [Netty epoll Worker #2/INFO] [com.velocitypowered.proxy.connection.MinecraftConnection]: [server connection] EntityZ096x -> survival has connected
[14:59:04] [Netty epoll Worker #2/INFO] [com.velocitypowered.proxy.connection.MinecraftConnection]: [server connection] EntityZ096x -> auth has disconnected
[15:05:53] [Netty epoll Worker #2/INFO] [com.velocitypowered.proxy.connection.client.ConnectedPlayer]: [connected player] EntityZ096x (/[0:0:0:0:0:0:0:1]:56922): kicked from server survival: 
[15:05:53] [Netty epoll Worker #2/INFO] [com.velocitypowered.proxy.connection.MinecraftConnection]: [server connection] EntityZ096x -> survival has disconnected
[15:05:53] [Netty epoll Worker #2/INFO] [com.velocitypowered.proxy.connection.MinecraftConnection]: [server connection] EntityZ096x -> auth has connected
[15:05:53] [Netty epoll Worker #2/INFO] [com.velocitypowered.proxy.connection.client.ConnectedPlayer]: [connected player] EntityZ096x (/[0:0:0:0:0:0:0:1]:56922) has disconnected: An internal error occurred in your connection.
[15:05:53] [Netty epoll Worker #2/ERROR] [com.velocitypowered.proxy.connection.MinecraftConnection]: [connected player] EntityZ096x (/[0:0:0:0:0:0:0:1]:56922): read timed out
[15:05:53] [Netty epoll Worker #2/INFO] [com.velocitypowered.proxy.connection.MinecraftConnection]: [server connection] EntityZ096x -> auth has disconnected
[15:11:24] [Netty epoll Worker #3/INFO] [com.velocitypowered.proxy.connection.client.AuthSessionHandler]: [connected player] EntityZ096x (/[0:0:0:0:0:0:0:1]:37842) has connected
[15:11:25] [Netty epoll Worker #3/INFO] [com.velocitypowered.proxy.connection.MinecraftConnection]: [server connection] EntityZ096x -> auth has connected
[15:11:28] [nLogin - Task Executor #24/INFO] [nlogin]: The user EntityZ096x has successfully logged in.
[15:11:28] [Netty epoll Worker #3/INFO] [com.velocitypowered.proxy.connection.MinecraftConnection]: [server connection] EntityZ096x -> survival has connected
[15:11:29] [Netty epoll Worker #3/INFO] [com.velocitypowered.proxy.connection.MinecraftConnection]: [server connection] EntityZ096x -> auth has disconnected
[15:12:40] [Netty epoll Worker #3/INFO] [com.velocitypowered.proxy.connection.client.ConnectedPlayer]: [connected player] EntityZ096x (/[0:0:0:0:0:0:0:1]:37842): kicked from server survival: 
[15:12:40] [Netty epoll Worker #3/INFO] [com.velocitypowered.proxy.connection.MinecraftConnection]: [server connection] EntityZ096x -> survival has disconnected
[15:12:40] [Netty epoll Worker #3/INFO] [com.velocitypowered.proxy.connection.MinecraftConnection]: [server connection] EntityZ096x -> auth has connected
[15:12:40] [Netty epoll Worker #3/INFO] [com.velocitypowered.proxy.connection.client.ConnectedPlayer]: [connected player] EntityZ096x (/[0:0:0:0:0:0:0:1]:37842) has disconnected: An internal error occurred in your connection.
[15:12:40] [Netty epoll Worker #3/ERROR] [com.velocitypowered.proxy.connection.MinecraftConnection]: [connected player] EntityZ096x (/[0:0:0:0:0:0:0:1]:37842): read timed out
[15:12:40] [Netty epoll Worker #3/INFO] [com.velocitypowered.proxy.connection.MinecraftConnection]: [server connection] EntityZ096x -> auth has disconnected
[15:13:15] [Netty epoll Worker #0/INFO] [com.velocitypowered.proxy.connection.client.AuthSessionHandler]: [connected player] EntityZ096x (/[0:0:0:0:0:0:0:1]:55012) has connected
[15:13:15] [Netty epoll Worker #0/INFO] [com.velocitypowered.proxy.connection.MinecraftConnection]: [server connection] EntityZ096x -> auth has connected
[15:13:18] [nLogin - Task Executor #25/INFO] [nlogin]: The user EntityZ096x has successfully logged in.
[15:13:18] [Netty epoll Worker #0/INFO] [com.velocitypowered.proxy.connection.MinecraftConnection]: [server connection] EntityZ096x -> survival has connected
[15:13:18] [Netty epoll Worker #0/INFO] [com.velocitypowered.proxy.connection.MinecraftConnection]: [server connection] EntityZ096x -> auth has disconnected
[15:16:59] [Netty epoll Worker #0/INFO] [com.velocitypowered.proxy.connection.client.ConnectedPlayer]: [connected player] EntityZ096x (/[0:0:0:0:0:0:0:1]:55012): kicked from server survival: 
[15:16:59] [Netty epoll Worker #0/INFO] [com.velocitypowered.proxy.connection.MinecraftConnection]: [server connection] EntityZ096x -> survival has disconnected
[15:16:59] [Netty epoll Worker #0/INFO] [com.velocitypowered.proxy.connection.MinecraftConnection]: [server connection] EntityZ096x -> auth has connected
[15:16:59] [Netty epoll Worker #0/INFO] [com.velocitypowered.proxy.connection.client.ConnectedPlayer]: [connected player] EntityZ096x (/[0:0:0:0:0:0:0:1]:55012) has disconnected: An internal error occurred in your connection.
[15:16:59] [Netty epoll Worker #0/ERROR] [com.velocitypowered.proxy.connection.MinecraftConnection]: [connected player] EntityZ096x (/[0:0:0:0:0:0:0:1]:55012): read timed out
[15:16:59] [Netty epoll Worker #0/INFO] [com.velocitypowered.proxy.connection.MinecraftConnection]: [server connection] EntityZ096x -> auth has disconnected
[15:19:26] [Netty epoll Worker #1/INFO] [com.velocitypowered.proxy.connection.client.AuthSessionHandler]: [connected player] EntityZ096x (/[0:0:0:0:0:0:0:1]:46846) has connected
[15:19:26] [Netty epoll Worker #1/INFO] [com.velocitypowered.proxy.connection.MinecraftConnection]: [server connection] EntityZ096x -> auth has connected
[15:19:29] [nLogin - Task Executor #27/INFO] [nlogin]: The user EntityZ096x has successfully logged in.
[15:19:30] [Netty epoll Worker #1/INFO] [com.velocitypowered.proxy.connection.MinecraftConnection]: [server connection] EntityZ096x -> survival has connected
[15:19:30] [Netty epoll Worker #1/INFO] [com.velocitypowered.proxy.connection.MinecraftConnection]: [server connection] EntityZ096x -> auth has disconnected
[15:23:10] [Netty epoll Worker #1/INFO] [com.velocitypowered.proxy.connection.client.ConnectedPlayer]: [connected player] EntityZ096x (/[0:0:0:0:0:0:0:1]:46846): kicked from server survival: 
[15:23:10] [Netty epoll Worker #1/INFO] [com.velocitypowered.proxy.connection.MinecraftConnection]: [server connection] EntityZ096x -> survival has disconnected
[15:23:10] [Netty epoll Worker #1/INFO] [com.velocitypowered.proxy.connection.MinecraftConnection]: [server connection] EntityZ096x -> auth has connected
[15:23:10] [Netty epoll Worker #1/INFO] [com.velocitypowered.proxy.connection.client.ConnectedPlayer]: [connected player] EntityZ096x (/[0:0:0:0:0:0:0:1]:46846) has disconnected: An internal error occurred in your connection.
[15:23:10] [Netty epoll Worker #1/ERROR] [com.velocitypowered.proxy.connection.MinecraftConnection]: [connected player] EntityZ096x (/[0:0:0:0:0:0:0:1]:46846): read timed out
[15:23:10] [Netty epoll Worker #1/INFO] [com.velocitypowered.proxy.connection.MinecraftConnection]: [server connection] EntityZ096x -> auth has disconnected
[15:23:21] [Netty epoll Worker #2/INFO] [com.velocitypowered.proxy.connection.client.AuthSessionHandler]: [connected player] EntityZ096x (/[0:0:0:0:0:0:0:1]:45812) has connected
[15:23:21] [Netty epoll Worker #2/INFO] [com.velocitypowered.proxy.connection.MinecraftConnection]: [server connection] EntityZ096x -> auth has connected
[15:23:24] [nLogin - Task Executor #29/INFO] [nlogin]: The user EntityZ096x has successfully logged in.
[15:23:25] [Netty epoll Worker #2/INFO] [com.velocitypowered.proxy.connection.MinecraftConnection]: [server connection] EntityZ096x -> survival has connected
[15:23:25] [Netty epoll Worker #2/INFO] [com.velocitypowered.proxy.connection.MinecraftConnection]: [server connection] EntityZ096x -> auth has disconnected
[15:24:06] [Netty epoll Worker #2/INFO] [com.velocitypowered.proxy.connection.client.ConnectedPlayer]: [connected player] EntityZ096x (/[0:0:0:0:0:0:0:1]:45812) has disconnected: An internal error occurred in your connection.
[15:24:06] [Netty epoll Worker #2/ERROR] [com.velocitypowered.proxy.connection.MinecraftConnection]: [connected player] EntityZ096x (/[0:0:0:0:0:0:0:1]:45812): read timed out
[15:24:06] [Netty epoll Worker #2/INFO] [com.velocitypowered.proxy.connection.MinecraftConnection]: [server connection] EntityZ096x -> survival has disconnected
[15:25:53] [Netty epoll Worker #3/INFO] [com.velocitypowered.proxy.connection.client.AuthSessionHandler]: [connected player] EntityZ096x (/[0:0:0:0:0:0:0:1]:36544) has connected
[15:25:59] [Netty epoll Worker #3/INFO] [com.velocitypowered.proxy.connection.MinecraftConnection]: [server connection] EntityZ096x -> auth has connected
[15:26:05] [nLogin - Task Executor #29/INFO] [nlogin]: The user EntityZ096x has successfully logged in.
[15:26:06] [Netty epoll Worker #3/INFO] [com.velocitypowered.proxy.connection.MinecraftConnection]: [server connection] EntityZ096x -> survival has connected
[15:26:06] [Netty epoll Worker #3/INFO] [com.velocitypowered.proxy.connection.MinecraftConnection]: [server connection] EntityZ096x -> auth has disconnected
[15:26:55] [Netty epoll Worker #3/INFO] [com.velocitypowered.proxy.connection.client.ConnectedPlayer]: [connected player] EntityZ096x (/[0:0:0:0:0:0:0:1]:36544): kicked from server survival: Server closed
[15:26:55] [Netty epoll Worker #3/INFO] [com.velocitypowered.proxy.connection.MinecraftConnection]: [server connection] EntityZ096x -> survival has disconnected
[15:26:55] [Netty epoll Worker #3/INFO] [com.velocitypowered.proxy.connection.MinecraftConnection]: [server connection] EntityZ096x -> auth has connected
[15:28:06] [Netty epoll Worker #3/INFO] [com.velocitypowered.proxy.connection.MinecraftConnection]: [connected player] EntityZ096x (/[0:0:0:0:0:0:0:1]:36544) has disconnected
[15:28:06] [Netty epoll Worker #3/INFO] [com.velocitypowered.proxy.connection.MinecraftConnection]: [server connection] EntityZ096x -> auth has disconnected
[15:28:10] [Netty epoll Worker #1/INFO] [com.velocitypowered.proxy.connection.client.AuthSessionHandler]: [connected player] EntityZ096x (/[0:0:0:0:0:0:0:1]:32998) has connected
[15:28:10] [Netty epoll Worker #1/INFO] [com.velocitypowered.proxy.connection.MinecraftConnection]: [server connection] EntityZ096x -> auth has connected
[15:28:13] [nLogin - Task Executor #32/INFO] [nlogin]: The user EntityZ096x has successfully logged in.
[15:28:14] [Netty epoll Worker #1/INFO] [com.velocitypowered.proxy.connection.MinecraftConnection]: [server connection] EntityZ096x -> survival has connected
[15:28:18] [Netty epoll Worker #1/INFO] [com.velocitypowered.proxy.connection.MinecraftConnection]: [server connection] EntityZ096x -> auth has disconnected
[15:31:02] [Netty epoll Worker #1/INFO] [com.velocitypowered.proxy.connection.client.ConnectedPlayer]: [connected player] EntityZ096x (/[0:0:0:0:0:0:0:1]:32998) has disconnected: An internal error occurred in your connection.
[15:31:02] [Netty epoll Worker #1/ERROR] [com.velocitypowered.proxy.connection.MinecraftConnection]: [connected player] EntityZ096x (/[0:0:0:0:0:0:0:1]:32998): read timed out
[15:31:02] [Netty epoll Worker #1/INFO] [com.velocitypowered.proxy.connection.MinecraftConnection]: [server connection] EntityZ096x -> survival has disconnected
[15:31:18] [Netty epoll Worker #2/INFO] [com.velocitypowered.proxy.connection.client.AuthSessionHandler]: [connected player] EntityZ096x (/[0:0:0:0:0:0:0:1]:36350) has connected
[15:31:18] [Netty epoll Worker #2/INFO] [com.velocitypowered.proxy.connection.MinecraftConnection]: [server connection] EntityZ096x -> auth has connected
[15:31:21] [nLogin - Task Executor #34/INFO] [nlogin]: The user EntityZ096x has successfully logged in.
[15:31:21] [Netty epoll Worker #2/INFO] [com.velocitypowered.proxy.connection.MinecraftConnection]: [server connection] EntityZ096x -> survival has connected
[15:31:22] [Netty epoll Worker #2/INFO] [com.velocitypowered.proxy.connection.MinecraftConnection]: [server connection] EntityZ096x -> auth has disconnected
[15:31:48] [Netty epoll Worker #2/INFO] [com.velocitypowered.proxy.connection.MinecraftConnection]: [connected player] EntityZ096x (/[0:0:0:0:0:0:0:1]:36350) has disconnected
[15:31:48] [Netty epoll Worker #2/INFO] [com.velocitypowered.proxy.connection.MinecraftConnection]: [server connection] EntityZ096x -> survival has disconnected
[15:32:18] [Netty epoll Worker #2/INFO] [com.velocitypowered.proxy.connection.client.AuthSessionHandler]: [connected player] EntityZ096x (/[0:0:0:0:0:0:0:1]:38952) has connected
[15:32:18] [Netty epoll Worker #2/INFO] [com.velocitypowered.proxy.connection.MinecraftConnection]: [server connection] EntityZ096x -> auth has connected
[15:32:23] [nLogin - Task Executor #34/INFO] [nlogin]: The user EntityZ096x has successfully logged in.
[15:32:23] [Netty epoll Worker #2/INFO] [com.velocitypowered.proxy.connection.MinecraftConnection]: [server connection] EntityZ096x -> survival has connected
[15:32:24] [Netty epoll Worker #2/INFO] [com.velocitypowered.proxy.connection.MinecraftConnection]: [server connection] EntityZ096x -> auth has disconnected
[15:34:51] [Netty epoll Worker #2/INFO] [com.velocitypowered.proxy.connection.client.ConnectedPlayer]: [connected player] EntityZ096x (/[0:0:0:0:0:0:0:1]:38952) has disconnected: An internal error occurred in your connection.
[15:34:51] [Netty epoll Worker #2/ERROR] [com.velocitypowered.proxy.connection.MinecraftConnection]: [connected player] EntityZ096x (/[0:0:0:0:0:0:0:1]:38952): read timed out
[15:34:51] [Netty epoll Worker #2/INFO] [com.velocitypowered.proxy.connection.MinecraftConnection]: [server connection] EntityZ096x -> survival has disconnected
[15:35:37] [Netty epoll Worker #3/INFO] [com.velocitypowered.proxy.connection.client.AuthSessionHandler]: [connected player] EntityZ096x (/[0:0:0:0:0:0:0:1]:39238) has connected
[15:35:37] [Netty epoll Worker #3/INFO] [com.velocitypowered.proxy.connection.MinecraftConnection]: [server connection] EntityZ096x -> auth has connected
[15:35:40] [nLogin - Task Executor #34/INFO] [nlogin]: The user EntityZ096x has successfully logged in.
[15:35:41] [Netty epoll Worker #3/INFO] [com.velocitypowered.proxy.connection.MinecraftConnection]: [server connection] EntityZ096x -> survival has connected
[15:35:41] [Netty epoll Worker #3/INFO] [com.velocitypowered.proxy.connection.MinecraftConnection]: [server connection] EntityZ096x -> auth has disconnected
[15:35:50] [Netty epoll Worker #3/INFO] [com.velocitypowered.proxy.connection.MinecraftConnection]: [connected player] EntityZ096x (/[0:0:0:0:0:0:0:1]:39238) has disconnected
[15:35:50] [Netty epoll Worker #3/INFO] [com.velocitypowered.proxy.connection.MinecraftConnection]: [server connection] EntityZ096x -> survival has disconnected
[15:35:51] [Netty epoll Worker #1/INFO] [com.velocitypowered.proxy.connection.client.AuthSessionHandler]: [connected player] EntityZ096x (/[0:0:0:0:0:0:0:1]:50516) has connected
[15:35:51] [Netty epoll Worker #1/INFO] [com.velocitypowered.proxy.connection.MinecraftConnection]: [server connection] EntityZ096x -> auth has connected
[15:35:54] [nLogin - Task Executor #34/INFO] [nlogin]: The user EntityZ096x has successfully logged in.
[15:35:55] [Netty epoll Worker #1/INFO] [com.velocitypowered.proxy.connection.MinecraftConnection]: [server connection] EntityZ096x -> survival has connected
[15:35:55] [Netty epoll Worker #1/INFO] [com.velocitypowered.proxy.connection.MinecraftConnection]: [server connection] EntityZ096x -> auth has disconnected
[15:37:02] [Netty epoll Worker #1/INFO] [com.velocitypowered.proxy.connection.MinecraftConnection]: [connected player] EntityZ096x (/[0:0:0:0:0:0:0:1]:50516) has disconnected
[15:37:02] [Netty epoll Worker #1/INFO] [com.velocitypowered.proxy.connection.MinecraftConnection]: [server connection] EntityZ096x -> survival has disconnected
[15:37:05] [Netty epoll Worker #3/INFO] [com.velocitypowered.proxy.connection.client.AuthSessionHandler]: [connected player] EntityZ096x (/[0:0:0:0:0:0:0:1]:39266) has connected
[15:37:05] [Netty epoll Worker #3/INFO] [com.velocitypowered.proxy.connection.MinecraftConnection]: [server connection] EntityZ096x -> auth has connected
[15:37:09] [nLogin - Task Executor #34/INFO] [nlogin]: The user EntityZ096x has successfully logged in.
[15:37:09] [Netty epoll Worker #3/INFO] [com.velocitypowered.proxy.connection.MinecraftConnection]: [server connection] EntityZ096x -> survival has connected
[15:37:09] [Netty epoll Worker #3/INFO] [com.velocitypowered.proxy.connection.MinecraftConnection]: [server connection] EntityZ096x -> auth has disconnected
[15:37:45] [Netty epoll Worker #3/INFO] [com.velocitypowered.proxy.connection.MinecraftConnection]: [connected player] EntityZ096x (/[0:0:0:0:0:0:0:1]:39266) has disconnected
[15:37:45] [Netty epoll Worker #3/INFO] [com.velocitypowered.proxy.connection.MinecraftConnection]: [server connection] EntityZ096x -> survival has disconnected
[15:37:49] [Netty epoll Worker #1/INFO] [com.velocitypowered.proxy.connection.client.AuthSessionHandler]: [connected player] EntityZ096x (/[0:0:0:0:0:0:0:1]:47256) has connected
[15:37:49] [Netty epoll Worker #1/INFO] [com.velocitypowered.proxy.connection.MinecraftConnection]: [server connection] EntityZ096x -> auth has connected
[15:37:52] [nLogin - Task Executor #34/INFO] [nlogin]: The user EntityZ096x has successfully logged in.
[15:37:53] [Netty epoll Worker #1/INFO] [com.velocitypowered.proxy.connection.MinecraftConnection]: [server connection] EntityZ096x -> survival has connected
[15:37:53] [Netty epoll Worker #1/INFO] [com.velocitypowered.proxy.connection.MinecraftConnection]: [server connection] EntityZ096x -> auth has disconnected
[15:40:02] [Netty epoll Worker #1/INFO] [com.velocitypowered.proxy.connection.client.ConnectedPlayer]: [connected player] EntityZ096x (/[0:0:0:0:0:0:0:1]:47256): kicked from server survival: 
[15:40:02] [Netty epoll Worker #1/INFO] [com.velocitypowered.proxy.connection.MinecraftConnection]: [server connection] EntityZ096x -> survival has disconnected
[15:40:02] [Netty epoll Worker #1/INFO] [com.velocitypowered.proxy.connection.MinecraftConnection]: [server connection] EntityZ096x -> auth has connected
[15:40:13] [Netty epoll Worker #1/INFO] [com.velocitypowered.proxy.connection.MinecraftConnection]: [connected player] EntityZ096x (/[0:0:0:0:0:0:0:1]:47256) has disconnected
[15:40:13] [Netty epoll Worker #1/INFO] [com.velocitypowered.proxy.connection.MinecraftConnection]: [server connection] EntityZ096x -> auth has disconnected
[15:40:17] [Netty epoll Worker #2/INFO] [com.velocitypowered.proxy.connection.client.AuthSessionHandler]: [connected player] EntityZ096x (/[0:0:0:0:0:0:0:1]:58210) has connected
[15:40:17] [Netty epoll Worker #2/INFO] [com.velocitypowered.proxy.connection.MinecraftConnection]: [server connection] EntityZ096x -> auth has connected
[15:40:20] [nLogin - Task Executor #38/INFO] [nlogin]: The user EntityZ096x has successfully logged in.
[15:40:21] [Netty epoll Worker #2/INFO] [com.velocitypowered.proxy.connection.MinecraftConnection]: [server connection] EntityZ096x -> survival has connected
[15:40:21] [Netty epoll Worker #2/INFO] [com.velocitypowered.proxy.connection.MinecraftConnection]: [server connection] EntityZ096x -> auth has disconnected
[15:40:34] [Netty epoll Worker #2/INFO] [com.velocitypowered.proxy.connection.MinecraftConnection]: [connected player] EntityZ096x (/[0:0:0:0:0:0:0:1]:58210) has disconnected
[15:40:34] [Netty epoll Worker #2/INFO] [com.velocitypowered.proxy.connection.MinecraftConnection]: [server connection] EntityZ096x -> survival has disconnected
[15:40:39] [Netty epoll Worker #3/INFO] [com.velocitypowered.proxy.connection.client.AuthSessionHandler]: [connected player] EntityZ096x (/[0:0:0:0:0:0:0:1]:48054) has connected
[15:40:39] [Netty epoll Worker #3/INFO] [com.velocitypowered.proxy.connection.MinecraftConnection]: [server connection] EntityZ096x -> auth has connected
[15:40:43] [nLogin - Task Executor #38/INFO] [nlogin]: The user EntityZ096x has successfully logged in.
[15:40:43] [Netty epoll Worker #3/INFO] [com.velocitypowered.proxy.connection.MinecraftConnection]: [server connection] EntityZ096x -> survival has connected
[15:40:43] [Netty epoll Worker #3/INFO] [com.velocitypowered.proxy.connection.MinecraftConnection]: [server connection] EntityZ096x -> auth has disconnected
[15:42:07] [Netty epoll Worker #3/INFO] [com.velocitypowered.proxy.connection.client.ConnectedPlayer]: [connected player] EntityZ096x (/[0:0:0:0:0:0:0:1]:48054) has disconnected: An internal error occurred in your connection.
[15:42:07] [Netty epoll Worker #3/ERROR] [com.velocitypowered.proxy.connection.MinecraftConnection]: [connected player] EntityZ096x (/[0:0:0:0:0:0:0:1]:48054): read timed out
[15:42:07] [Netty epoll Worker #3/INFO] [com.velocitypowered.proxy.connection.MinecraftConnection]: [server connection] EntityZ096x -> survival has disconnected
[15:42:15] [Netty epoll Worker #1/INFO] [com.velocitypowered.proxy.connection.client.AuthSessionHandler]: [connected player] EntityZ096x (/[0:0:0:0:0:0:0:1]:36140) has connected
[15:42:15] [Netty epoll Worker #1/INFO] [com.velocitypowered.proxy.connection.MinecraftConnection]: [server connection] EntityZ096x -> auth has connected
[15:42:19] [nLogin - Task Executor #34/INFO] [nlogin]: The user EntityZ096x has successfully logged in.
[15:42:19] [Netty epoll Worker #1/INFO] [com.velocitypowered.proxy.connection.MinecraftConnection]: [server connection] EntityZ096x -> survival has connected
[15:42:19] [Netty epoll Worker #1/INFO] [com.velocitypowered.proxy.connection.MinecraftConnection]: [server connection] EntityZ096x -> auth has disconnected
[15:42:30] [Netty epoll Worker #1/INFO] [com.velocitypowered.proxy.connection.MinecraftConnection]: [connected player] EntityZ096x (/[0:0:0:0:0:0:0:1]:36140) has disconnected
[15:42:30] [Netty epoll Worker #1/INFO] [com.velocitypowered.proxy.connection.MinecraftConnection]: [server connection] EntityZ096x -> survival has disconnected
[15:42:30] [Netty epoll Worker #2/INFO] [com.velocitypowered.proxy.connection.client.AuthSessionHandler]: [connected player] EntityZ096x (/[0:0:0:0:0:0:0:1]:49286) has connected
[15:42:31] [Netty epoll Worker #2/INFO] [com.velocitypowered.proxy.connection.MinecraftConnection]: [server connection] EntityZ096x -> auth has connected
[15:42:33] [nLogin - Task Executor #39/INFO] [nlogin]: The user EntityZ096x has successfully logged in.
[15:42:34] [Netty epoll Worker #2/INFO] [com.velocitypowered.proxy.connection.MinecraftConnection]: [server connection] EntityZ096x -> survival has connected
[15:42:34] [Netty epoll Worker #2/INFO] [com.velocitypowered.proxy.connection.MinecraftConnection]: [server connection] EntityZ096x -> auth has disconnected
[15:42:46] [Netty epoll Worker #2/INFO] [com.velocitypowered.proxy.connection.client.ConnectedPlayer]: [connected player] EntityZ096x (/[0:0:0:0:0:0:0:1]:49286): kicked from server survival: 
[15:42:46] [Netty epoll Worker #2/INFO] [com.velocitypowered.proxy.connection.MinecraftConnection]: [server connection] EntityZ096x -> survival has disconnected
[15:42:46] [Netty epoll Worker #2/INFO] [com.velocitypowered.proxy.connection.MinecraftConnection]: [server connection] EntityZ096x -> auth has connected
[15:43:28] [Netty epoll Worker #2/INFO] [com.velocitypowered.proxy.connection.client.ConnectedPlayer]: [connected player] EntityZ096x (/[0:0:0:0:0:0:0:1]:49286) has disconnected: An internal error occurred in your connection.
[15:43:28] [Netty epoll Worker #2/ERROR] [com.velocitypowered.proxy.connection.MinecraftConnection]: [connected player] EntityZ096x (/[0:0:0:0:0:0:0:1]:49286): read timed out
[15:43:28] [Netty epoll Worker #2/INFO] [com.velocitypowered.proxy.connection.MinecraftConnection]: [server connection] EntityZ096x -> auth has disconnected
[15:43:53] [Netty epoll Worker #1/INFO] [com.velocitypowered.proxy.connection.client.AuthSessionHandler]: [connected player] EntityZ096x (/[0:0:0:0:0:0:0:1]:36816) has connected
[15:43:54] [Netty epoll Worker #1/INFO] [com.velocitypowered.proxy.connection.MinecraftConnection]: [server connection] EntityZ096x -> auth has connected
[15:44:08] [nLogin - Task Executor #39/INFO] [nlogin]: The user EntityZ096x has successfully logged in.
[15:44:08] [Netty epoll Worker #1/INFO] [com.velocitypowered.proxy.connection.MinecraftConnection]: [server connection] EntityZ096x -> survival has connected
[15:44:09] [Netty epoll Worker #1/INFO] [com.velocitypowered.proxy.connection.MinecraftConnection]: [server connection] EntityZ096x -> auth has disconnected
[15:44:52] [Netty epoll Worker #1/INFO] [com.velocitypowered.proxy.connection.MinecraftConnection]: [connected player] EntityZ096x (/[0:0:0:0:0:0:0:1]:36816) has disconnected
[15:44:52] [Netty epoll Worker #1/INFO] [com.velocitypowered.proxy.connection.MinecraftConnection]: [server connection] EntityZ096x -> survival has disconnected
[15:44:54] [Netty epoll Worker #3/INFO] [com.velocitypowered.proxy.connection.client.AuthSessionHandler]: [connected player] EntityZ096x (/[0:0:0:0:0:0:0:1]:44410) has connected
[15:44:54] [Netty epoll Worker #3/INFO] [com.velocitypowered.proxy.connection.MinecraftConnection]: [server connection] EntityZ096x -> auth has connected
[15:44:57] [nLogin - Task Executor #39/INFO] [nlogin]: The user EntityZ096x has successfully logged in.
[15:44:57] [Netty epoll Worker #3/INFO] [com.velocitypowered.proxy.connection.MinecraftConnection]: [server connection] EntityZ096x -> survival has connected
[15:44:57] [Netty epoll Worker #3/INFO] [com.velocitypowered.proxy.connection.MinecraftConnection]: [server connection] EntityZ096x -> auth has disconnected
[15:46:32] [Netty epoll Worker #3/INFO] [com.velocitypowered.proxy.connection.MinecraftConnection]: [connected player] EntityZ096x (/[0:0:0:0:0:0:0:1]:44410) has disconnected
[15:46:32] [Netty epoll Worker #3/INFO] [com.velocitypowered.proxy.connection.MinecraftConnection]: [server connection] EntityZ096x -> survival has disconnected
[15:46:38] [Netty epoll Worker #0/INFO] [com.velocitypowered.proxy.connection.client.AuthSessionHandler]: [connected player] EntityZ096x (/[0:0:0:0:0:0:0:1]:34178) has connected
[15:46:38] [Netty epoll Worker #0/INFO] [com.velocitypowered.proxy.connection.MinecraftConnection]: [server connection] EntityZ096x -> auth has connected
[15:46:42] [nLogin - Task Executor #39/INFO] [nlogin]: The user EntityZ096x has successfully logged in.
[15:46:42] [Netty epoll Worker #0/INFO] [com.velocitypowered.proxy.connection.MinecraftConnection]: [server connection] EntityZ096x -> survival has connected
[15:46:42] [Netty epoll Worker #0/INFO] [com.velocitypowered.proxy.connection.MinecraftConnection]: [server connection] EntityZ096x -> auth has disconnected
[15:49:39] [Netty epoll Worker #0/INFO] [com.velocitypowered.proxy.connection.client.ConnectedPlayer]: [connected player] EntityZ096x (/[0:0:0:0:0:0:0:1]:34178): kicked from server survival: Server closed
[15:49:39] [Netty epoll Worker #0/INFO] [com.velocitypowered.proxy.connection.MinecraftConnection]: [server connection] EntityZ096x -> survival has disconnected
[15:49:39] [Netty epoll Worker #0/INFO] [com.velocitypowered.proxy.connection.MinecraftConnection]: [server connection] EntityZ096x -> auth has connected
[15:51:02] [Netty epoll Worker #0/INFO] [com.velocitypowered.proxy.connection.client.ConnectedPlayer]: [connected player] EntityZ096x (/[0:0:0:0:0:0:0:1]:34178) has disconnected: An internal error occurred in your connection.
[15:51:02] [Netty epoll Worker #0/ERROR] [com.velocitypowered.proxy.connection.MinecraftConnection]: [connected player] EntityZ096x (/[0:0:0:0:0:0:0:1]:34178): read timed out
[15:51:02] [Netty epoll Worker #0/INFO] [com.velocitypowered.proxy.connection.MinecraftConnection]: [server connection] EntityZ096x -> auth has disconnected
[15:51:24] [Netty epoll Worker #2/INFO] [com.velocitypowered.proxy.connection.client.AuthSessionHandler]: [connected player] EntityZ096x (/[0:0:0:0:0:0:0:1]:40852) has connected
[15:51:27] [Netty epoll Worker #2/INFO] [com.velocitypowered.proxy.connection.MinecraftConnection]: [server connection] EntityZ096x -> auth has connected
[15:51:30] [nLogin - Task Executor #39/INFO] [nlogin]: The user EntityZ096x has successfully logged in.
[15:51:30] [Netty epoll Worker #2/INFO] [com.velocitypowered.proxy.connection.MinecraftConnection]: [server connection] EntityZ096x -> survival has connected
[15:51:34] [Netty epoll Worker #2/INFO] [com.velocitypowered.proxy.connection.MinecraftConnection]: [server connection] EntityZ096x -> auth has disconnected
[16:16:40] [Netty epoll Worker #2/INFO] [com.velocitypowered.proxy.connection.client.ConnectedPlayer]: [connected player] EntityZ096x (/[0:0:0:0:0:0:0:1]:40852): kicked from server survival: 
[16:16:40] [Netty epoll Worker #2/INFO] [com.velocitypowered.proxy.connection.MinecraftConnection]: [server connection] EntityZ096x -> survival has disconnected
[16:16:40] [Netty epoll Worker #2/INFO] [com.velocitypowered.proxy.connection.MinecraftConnection]: [server connection] EntityZ096x -> auth has connected
[16:16:47] [Netty epoll Worker #2/INFO] [com.velocitypowered.proxy.connection.MinecraftConnection]: [connected player] EntityZ096x (/[0:0:0:0:0:0:0:1]:40852) has disconnected
[16:16:47] [Netty epoll Worker #2/INFO] [com.velocitypowered.proxy.connection.MinecraftConnection]: [server connection] EntityZ096x -> auth has disconnected
[16:16:53] [Netty epoll Worker #3/INFO] [com.velocitypowered.proxy.connection.client.AuthSessionHandler]: [connected player] EntityZ096x (/[0:0:0:0:0:0:0:1]:53036) has connected
[16:16:53] [Netty epoll Worker #3/INFO] [com.velocitypowered.proxy.connection.MinecraftConnection]: [server connection] EntityZ096x -> auth has connected
[16:16:56] [nLogin - Task Executor #39/INFO] [nlogin]: The user EntityZ096x has successfully logged in.
[16:16:57] [Netty epoll Worker #3/INFO] [com.velocitypowered.proxy.connection.MinecraftConnection]: [server connection] EntityZ096x -> survival has connected
[16:16:57] [Netty epoll Worker #3/INFO] [com.velocitypowered.proxy.connection.MinecraftConnection]: [server connection] EntityZ096x -> auth has disconnected
[16:23:14] [Netty epoll Worker #3/INFO] [com.velocitypowered.proxy.connection.client.ConnectedPlayer]: [connected player] EntityZ096x (/[0:0:0:0:0:0:0:1]:53036): kicked from server survival: 
[16:23:14] [Netty epoll Worker #3/INFO] [com.velocitypowered.proxy.connection.MinecraftConnection]: [server connection] EntityZ096x -> survival has disconnected
[16:23:14] [Netty epoll Worker #3/INFO] [com.velocitypowered.proxy.connection.MinecraftConnection]: [server connection] EntityZ096x -> auth has connected
[16:23:20] [Netty epoll Worker #3/INFO] [com.velocitypowered.proxy.connection.MinecraftConnection]: [connected player] EntityZ096x (/[0:0:0:0:0:0:0:1]:53036) has disconnected
[16:23:20] [Netty epoll Worker #3/INFO] [com.velocitypowered.proxy.connection.MinecraftConnection]: [server connection] EntityZ096x -> auth has disconnected
[16:23:21] [Netty epoll Worker #1/INFO] [com.velocitypowered.proxy.connection.client.AuthSessionHandler]: [connected player] EntityZ096x (/[0:0:0:0:0:0:0:1]:38614) has connected
[16:23:21] [Netty epoll Worker #1/INFO] [com.velocitypowered.proxy.connection.MinecraftConnection]: [server connection] EntityZ096x -> auth has connected
[16:23:23] [nLogin - Task Executor #48/INFO] [nlogin]: The user EntityZ096x has successfully logged in.
[16:23:24] [Netty epoll Worker #1/INFO] [com.velocitypowered.proxy.connection.MinecraftConnection]: [server connection] EntityZ096x -> survival has connected
[16:23:25] [Netty epoll Worker #1/INFO] [com.velocitypowered.proxy.connection.MinecraftConnection]: [server connection] EntityZ096x -> auth has disconnected
[16:25:57] [Netty epoll Worker #1/INFO] [com.velocitypowered.proxy.connection.client.ConnectedPlayer]: [connected player] EntityZ096x (/[0:0:0:0:0:0:0:1]:38614): kicked from server survival: 
[16:25:57] [Netty epoll Worker #1/INFO] [com.velocitypowered.proxy.connection.MinecraftConnection]: [server connection] EntityZ096x -> survival has disconnected
[16:25:57] [Netty epoll Worker #1/INFO] [com.velocitypowered.proxy.connection.MinecraftConnection]: [server connection] EntityZ096x -> auth has connected
[16:26:01] [Netty epoll Worker #1/INFO] [com.velocitypowered.proxy.connection.MinecraftConnection]: [connected player] EntityZ096x (/[0:0:0:0:0:0:0:1]:38614) has disconnected
[16:26:01] [Netty epoll Worker #1/INFO] [com.velocitypowered.proxy.connection.MinecraftConnection]: [server connection] EntityZ096x -> auth has disconnected
[16:26:02] [Netty epoll Worker #3/INFO] [com.velocitypowered.proxy.connection.client.AuthSessionHandler]: [connected player] EntityZ096x (/[0:0:0:0:0:0:0:1]:35610) has connected
[16:26:02] [Netty epoll Worker #3/INFO] [com.velocitypowered.proxy.connection.MinecraftConnection]: [server connection] EntityZ096x -> auth has connected
[16:26:06] [nLogin - Task Executor #48/INFO] [nlogin]: The user EntityZ096x has successfully logged in.
[16:26:07] [Netty epoll Worker #3/INFO] [com.velocitypowered.proxy.connection.MinecraftConnection]: [server connection] EntityZ096x -> survival has connected
[16:26:07] [Netty epoll Worker #3/INFO] [com.velocitypowered.proxy.connection.MinecraftConnection]: [server connection] EntityZ096x -> auth has disconnected
[16:26:07] [Netty epoll Worker #3/INFO] [com.velocitypowered.proxy.connection.client.ConnectedPlayer]: [connected player] EntityZ096x (/[0:0:0:0:0:0:0:1]:35610): kicked from server survival: 
[16:26:07] [Netty epoll Worker #3/INFO] [com.velocitypowered.proxy.connection.MinecraftConnection]: [server connection] EntityZ096x -> survival has disconnected
[16:26:07] [Netty epoll Worker #3/INFO] [com.velocitypowered.proxy.connection.MinecraftConnection]: [server connection] EntityZ096x -> auth has connected
[16:26:09] [Netty epoll Worker #3/INFO] [com.velocitypowered.proxy.connection.MinecraftConnection]: [connected player] EntityZ096x (/[0:0:0:0:0:0:0:1]:35610) has disconnected
[16:26:09] [Netty epoll Worker #3/INFO] [com.velocitypowered.proxy.connection.MinecraftConnection]: [server connection] EntityZ096x -> auth has disconnected
[16:26:11] [Netty epoll Worker #1/INFO] [com.velocitypowered.proxy.connection.client.AuthSessionHandler]: [connected player] EntityZ096x (/[0:0:0:0:0:0:0:1]:48106) has connected
[16:26:11] [Netty epoll Worker #1/INFO] [com.velocitypowered.proxy.connection.MinecraftConnection]: [server connection] EntityZ096x -> auth has connected
[16:26:14] [nLogin - Task Executor #48/INFO] [nlogin]: The user EntityZ096x has successfully logged in.
[16:26:14] [Netty epoll Worker #1/INFO] [com.velocitypowered.proxy.connection.MinecraftConnection]: [server connection] EntityZ096x -> survival has connected
[16:26:14] [Netty epoll Worker #1/INFO] [com.velocitypowered.proxy.connection.MinecraftConnection]: [server connection] EntityZ096x -> auth has disconnected
[16:26:15] [Netty epoll Worker #1/INFO] [com.velocitypowered.proxy.connection.client.ConnectedPlayer]: [connected player] EntityZ096x (/[0:0:0:0:0:0:0:1]:48106): kicked from server survival: 
[16:26:15] [Netty epoll Worker #1/INFO] [com.velocitypowered.proxy.connection.MinecraftConnection]: [server connection] EntityZ096x -> survival has disconnected
[16:26:15] [Netty epoll Worker #1/INFO] [com.velocitypowered.proxy.connection.MinecraftConnection]: [server connection] EntityZ096x -> auth has connected
[16:26:26] [Netty epoll Worker #1/INFO] [com.velocitypowered.proxy.connection.MinecraftConnection]: [connected player] EntityZ096x (/[0:0:0:0:0:0:0:1]:48106) has disconnected
[16:26:26] [Netty epoll Worker #1/INFO] [com.velocitypowered.proxy.connection.MinecraftConnection]: [server connection] EntityZ096x -> auth has disconnected
[16:26:28] [Netty epoll Worker #3/INFO] [com.velocitypowered.proxy.connection.client.AuthSessionHandler]: [connected player] EntityZ096x (/[0:0:0:0:0:0:0:1]:49586) has connected
[16:26:28] [Netty epoll Worker #3/INFO] [com.velocitypowered.proxy.connection.MinecraftConnection]: [server connection] EntityZ096x -> auth has connected
[16:26:31] [nLogin - Task Executor #49/INFO] [nlogin]: The user EntityZ096x has successfully logged in.
[16:26:32] [Netty epoll Worker #3/INFO] [com.velocitypowered.proxy.connection.MinecraftConnection]: [server connection] EntityZ096x -> survival has connected
[16:26:32] [Netty epoll Worker #3/INFO] [com.velocitypowered.proxy.connection.MinecraftConnection]: [server connection] EntityZ096x -> auth has disconnected
[16:30:05] [Netty epoll Worker #3/INFO] [com.velocitypowered.proxy.connection.client.ConnectedPlayer]: [connected player] EntityZ096x (/[0:0:0:0:0:0:0:1]:49586): kicked from server survival: 
[16:30:05] [Netty epoll Worker #3/INFO] [com.velocitypowered.proxy.connection.MinecraftConnection]: [server connection] EntityZ096x -> survival has disconnected
[16:30:05] [Netty epoll Worker #3/INFO] [com.velocitypowered.proxy.connection.MinecraftConnection]: [server connection] EntityZ096x -> auth has connected
[16:30:09] [Netty epoll Worker #3/INFO] [com.velocitypowered.proxy.connection.MinecraftConnection]: [connected player] EntityZ096x (/[0:0:0:0:0:0:0:1]:49586) has disconnected
[16:30:09] [Netty epoll Worker #3/INFO] [com.velocitypowered.proxy.connection.MinecraftConnection]: [server connection] EntityZ096x -> auth has disconnected
[16:30:11] [Netty epoll Worker #1/INFO] [com.velocitypowered.proxy.connection.client.AuthSessionHandler]: [connected player] EntityZ096x (/[0:0:0:0:0:0:0:1]:52776) has connected
[16:30:11] [Netty epoll Worker #1/INFO] [com.velocitypowered.proxy.connection.MinecraftConnection]: [server connection] EntityZ096x -> auth has connected
[16:30:13] [nLogin - Task Executor #50/INFO] [nlogin]: The user EntityZ096x has successfully logged in.
[16:30:14] [Netty epoll Worker #1/INFO] [com.velocitypowered.proxy.connection.MinecraftConnection]: [server connection] EntityZ096x -> survival has connected
[16:30:14] [Netty epoll Worker #1/INFO] [com.velocitypowered.proxy.connection.MinecraftConnection]: [server connection] EntityZ096x -> auth has disconnected
[16:31:30] [Netty epoll Worker #1/INFO] [com.velocitypowered.proxy.connection.client.ConnectedPlayer]: [connected player] EntityZ096x (/[0:0:0:0:0:0:0:1]:52776): kicked from server survival: 
[16:31:30] [Netty epoll Worker #1/INFO] [com.velocitypowered.proxy.connection.MinecraftConnection]: [server connection] EntityZ096x -> survival has disconnected
[16:31:30] [Netty epoll Worker #1/INFO] [com.velocitypowered.proxy.connection.MinecraftConnection]: [server connection] EntityZ096x -> auth has connected
[16:32:15] [Netty epoll Worker #1/INFO] [com.velocitypowered.proxy.connection.MinecraftConnection]: [connected player] EntityZ096x (/[0:0:0:0:0:0:0:1]:52776) has disconnected
[16:32:15] [Netty epoll Worker #1/INFO] [com.velocitypowered.proxy.connection.MinecraftConnection]: [server connection] EntityZ096x -> auth has disconnected
[16:32:49] [Netty epoll Worker #3/INFO] [com.velocitypowered.proxy.connection.client.AuthSessionHandler]: [connected player] EntityZ096x (/[0:0:0:0:0:0:0:1]:43812) has connected
[16:32:49] [Netty epoll Worker #3/INFO] [com.velocitypowered.proxy.connection.MinecraftConnection]: [server connection] EntityZ096x -> auth has connected
[16:32:52] [nLogin - Task Executor #50/INFO] [nlogin]: The user EntityZ096x has successfully logged in.
[16:32:52] [Netty epoll Worker #3/INFO] [com.velocitypowered.proxy.connection.MinecraftConnection]: [server connection] EntityZ096x -> survival has connected
[16:32:58] [Netty epoll Worker #3/INFO] [com.velocitypowered.proxy.connection.MinecraftConnection]: [server connection] EntityZ096x -> auth has disconnected
[16:38:13] [Netty epoll Worker #3/INFO] [com.velocitypowered.proxy.connection.MinecraftConnection]: [connected player] EntityZ096x (/[0:0:0:0:0:0:0:1]:43812) has disconnected
[16:38:13] [Netty epoll Worker #3/INFO] [com.velocitypowered.proxy.connection.MinecraftConnection]: [server connection] EntityZ096x -> survival has disconnected
[16:38:15] [Netty epoll Worker #1/INFO] [com.velocitypowered.proxy.connection.client.AuthSessionHandler]: [connected player] EntityZ096x (/[0:0:0:0:0:0:0:1]:41302) has connected
[16:38:15] [Netty epoll Worker #1/INFO] [com.velocitypowered.proxy.connection.MinecraftConnection]: [server connection] EntityZ096x -> auth has connected
[16:38:18] [nLogin - Task Executor #50/INFO] [nlogin]: The user EntityZ096x has successfully logged in.
[16:38:18] [Netty epoll Worker #1/INFO] [com.velocitypowered.proxy.connection.MinecraftConnection]: [server connection] EntityZ096x -> survival has connected
[16:38:18] [Netty epoll Worker #1/INFO] [com.velocitypowered.proxy.connection.MinecraftConnection]: [server connection] EntityZ096x -> auth has disconnected
[17:01:52] [Netty epoll Worker #1/INFO] [com.velocitypowered.proxy.connection.MinecraftConnection]: [connected player] EntityZ096x (/[0:0:0:0:0:0:0:1]:41302) has disconnected
[17:01:52] [Netty epoll Worker #1/INFO] [com.velocitypowered.proxy.connection.MinecraftConnection]: [server connection] EntityZ096x -> survival has disconnected
